        -:    0:Source:/home/jotavecorta/proyectos/algoritmos_1/src/labo07/cases.cpp
        -:    0:Graph:/home/jotavecorta/proyectos/algoritmos_1/src/labo07/cmake-build-debug-coverage/CMakeFiles/Labo07.dir/cases.cpp.gcno
        -:    0:Data:/home/jotavecorta/proyectos/algoritmos_1/src/labo07/cmake-build-debug-coverage/CMakeFiles/Labo07.dir/cases.cpp.gcda
        -:    0:Runs:1
        -:    1:#include <iostream>
        -:    2:#include "cases.h"
        -:    3:#include "ejercicios.h"
        -:    4:
        -:    5:using namespace std;
        -:    6:
function _Z14printBeginTestiNSt7__cxx1112basic_stringIcSt11char_traitsIcESaIcEEE called 0 returned 0% blocks executed 0%
    #####:    7:void printBeginTest(int testNumber, string testName){
    #####:    8:    cout << "Corriendo test " << testNumber << " " << testName << endl;
    %%%%%:    8-block  0
call    0 never executed
call    1 never executed
call    2 never executed
call    3 never executed
call    4 never executed
    #####:    9:}
        -:   10:
function _Z12printEndTestiNSt7__cxx1112basic_stringIcSt11char_traitsIcESaIcEEE called 0 returned 0% blocks executed 0%
    #####:   11:void printEndTest(int testNumber, string testName){
    #####:   12:    cout << "Finalizado test " << testNumber << " " << testName << endl << endl;
    %%%%%:   12-block  0
call    0 never executed
call    1 never executed
call    2 never executed
call    3 never executed
call    4 never executed
call    5 never executed
    #####:   13:}
        -:   14:
function _Z8asegurarbb called 0 returned 0% blocks executed 0%
    #####:   15:bool asegurar(bool estimated, bool expected) {
    #####:   16:    return estimated == expected;
    %%%%%:   16-block  0
        -:   17:}
        -:   18://////// Ejercicio 1 ////////////////
function _Z27productoVectorialTest_test1v called 0 returned 0% blocks executed 0%
    #####:   19:bool productoVectorialTest_test1(){
    #####:   20:    vector<int> u = {2,3,4};
    %%%%%:   20-block  0
call    0 never executed
call    1 never executed
branch  2 never executed
branch  3 never executed
call    4 never executed
    $$$$$:   20-block  1
    $$$$$:   20-block  2
    $$$$$:   20-block  3
call    5 never executed
    #####:   21:    vector<int> v = {4,3,2};
call    0 never executed
call    1 never executed
branch  2 never executed
branch  3 never executed
call    4 never executed
    $$$$$:   21-block  0
    $$$$$:   21-block  1
    $$$$$:   21-block  2
call    5 never executed
        -:   22:    vector<vector<int> > expected = {
        -:   23:            {8,  6,  4},
        -:   24:            {12,  9,  6},
        -:   25:            {16, 12,  8}
    #####:   26:    };
call    0 never executed
call    1 never executed
branch  2 never executed
branch  3 never executed
    %%%%%:   26-block  0
call    4 never executed
call    5 never executed
branch  6 never executed
branch  7 never executed
    %%%%%:   26-block  1
call    8 never executed
call    9 never executed
branch 10 never executed
branch 11 never executed
    %%%%%:   26-block  2
call   12 never executed
call   13 never executed
branch 14 never executed
branch 15 never executed
    %%%%%:   26-block  3
call   16 never executed
    %%%%%:   26-block  4
call   17 never executed
call   18 never executed
call   19 never executed
call   20 never executed
    $$$$$:   26-block  5
    $$$$$:   26-block  6
call   21 never executed
    $$$$$:   26-block  7
    $$$$$:   26-block  8
    $$$$$:   26-block  9
    $$$$$:   26-block 10
    $$$$$:   26-block 11
    $$$$$:   26-block 12
    $$$$$:   26-block 13
    $$$$$:   26-block 14
call   22 never executed
    #####:   27:    vector<vector<int> > real = productoVectorial(u,v);
call    0 never executed
branch  1 never executed
branch  2 never executed
    $$$$$:   27-block  0
call    3 never executed
    #####:   28:    bool res = asegurar(expected == real, true);
    %%%%%:   28-block  0
call    0 never executed
branch  1 never executed
branch  2 never executed
    %%%%%:   28-block  1
call    3 never executed
    #####:   29:    cout << "Test Igual Dimension: " << res << endl;
call    0 never executed
branch  1 never executed
branch  2 never executed
    %%%%%:   29-block  0
call    3 never executed
branch  4 never executed
branch  5 never executed
    %%%%%:   29-block  1
call    6 never executed
branch  7 never executed
branch  8 never executed
    #####:   30:    return res;
    %%%%%:   30-block  0
call    0 never executed
    %%%%%:   30-block  1
        -:   31:}
        -:   32:
function _Z27productoVectorialTest_test2v called 0 returned 0% blocks executed 0%
    #####:   33:bool productoVectorialTest_test2(){
    #####:   34:    vector<int> u = {6,7,8,9};
    %%%%%:   34-block  0
call    0 never executed
call    1 never executed
branch  2 never executed
branch  3 never executed
call    4 never executed
    $$$$$:   34-block  1
    $$$$$:   34-block  2
    $$$$$:   34-block  3
call    5 never executed
    #####:   35:    vector<int> v = {1,2,3};
call    0 never executed
call    1 never executed
branch  2 never executed
branch  3 never executed
call    4 never executed
    $$$$$:   35-block  0
    $$$$$:   35-block  1
    $$$$$:   35-block  2
call    5 never executed
        -:   36:    vector<vector<int> > expected = {
        -:   37:            { 6, 12, 18},
        -:   38:            {7, 14, 21},
        -:   39:            {8, 16, 24},
        -:   40:            {9, 18, 27}
    #####:   41:    };
call    0 never executed
call    1 never executed
branch  2 never executed
branch  3 never executed
    %%%%%:   41-block  0
call    4 never executed
call    5 never executed
branch  6 never executed
branch  7 never executed
    %%%%%:   41-block  1
call    8 never executed
call    9 never executed
branch 10 never executed
branch 11 never executed
    %%%%%:   41-block  2
call   12 never executed
call   13 never executed
branch 14 never executed
branch 15 never executed
    %%%%%:   41-block  3
call   16 never executed
call   17 never executed
branch 18 never executed
branch 19 never executed
    %%%%%:   41-block  4
call   20 never executed
    %%%%%:   41-block  5
call   21 never executed
call   22 never executed
call   23 never executed
call   24 never executed
call   25 never executed
    $$$$$:   41-block  6
    $$$$$:   41-block  7
call   26 never executed
    $$$$$:   41-block  8
    $$$$$:   41-block  9
    $$$$$:   41-block 10
    $$$$$:   41-block 11
    $$$$$:   41-block 12
    $$$$$:   41-block 13
    $$$$$:   41-block 14
    $$$$$:   41-block 15
    $$$$$:   41-block 16
    $$$$$:   41-block 17
call   27 never executed
    #####:   42:    vector<vector<int> > real = productoVectorial(u,v);
call    0 never executed
branch  1 never executed
branch  2 never executed
    $$$$$:   42-block  0
call    3 never executed
    #####:   43:    bool res = asegurar(expected == real, true);
    %%%%%:   43-block  0
call    0 never executed
branch  1 never executed
branch  2 never executed
    %%%%%:   43-block  1
call    3 never executed
    #####:   44:    cout << "Test Distinta Dimension: " << res << endl;
call    0 never executed
branch  1 never executed
branch  2 never executed
    %%%%%:   44-block  0
call    3 never executed
branch  4 never executed
branch  5 never executed
    %%%%%:   44-block  1
call    6 never executed
branch  7 never executed
branch  8 never executed
    #####:   45:    return res;
    %%%%%:   45-block  0
call    0 never executed
    %%%%%:   45-block  1
        -:   46:}
        -:   47:
function _Z27productoVectorialTest_test3v called 0 returned 0% blocks executed 0%
    #####:   48:bool productoVectorialTest_test3(){
    #####:   49:    vector<int> u = {6};
    %%%%%:   49-block  0
call    0 never executed
call    1 never executed
branch  2 never executed
branch  3 never executed
call    4 never executed
    $$$$$:   49-block  1
    $$$$$:   49-block  2
    $$$$$:   49-block  3
call    5 never executed
    #####:   50:    vector<int> v = {2};
call    0 never executed
call    1 never executed
branch  2 never executed
branch  3 never executed
call    4 never executed
    $$$$$:   50-block  0
    $$$$$:   50-block  1
    $$$$$:   50-block  2
call    5 never executed
        -:   51:    vector<vector<int> > expected = {
        -:   52:            {12}
    #####:   53:    };
call    0 never executed
call    1 never executed
branch  2 never executed
branch  3 never executed
    %%%%%:   53-block  0
call    4 never executed
call    5 never executed
branch  6 never executed
branch  7 never executed
    %%%%%:   53-block  1
call    8 never executed
    %%%%%:   53-block  2
call    9 never executed
call   10 never executed
    $$$$$:   53-block  3
    $$$$$:   53-block  4
call   11 never executed
    $$$$$:   53-block  5
    $$$$$:   53-block  6
    $$$$$:   53-block  7
    $$$$$:   53-block  8
call   12 never executed
    #####:   54:    vector<vector<int> > real = productoVectorial(u,v);
call    0 never executed
branch  1 never executed
branch  2 never executed
    $$$$$:   54-block  0
call    3 never executed
    #####:   55:    bool res = asegurar(expected == real, true);
    %%%%%:   55-block  0
call    0 never executed
branch  1 never executed
branch  2 never executed
    %%%%%:   55-block  1
call    3 never executed
    #####:   56:    cout << "Test Uno x Uno: " << res << endl;
call    0 never executed
branch  1 never executed
branch  2 never executed
    %%%%%:   56-block  0
call    3 never executed
branch  4 never executed
branch  5 never executed
    %%%%%:   56-block  1
call    6 never executed
branch  7 never executed
branch  8 never executed
    #####:   57:    return res;
    %%%%%:   57-block  0
call    0 never executed
    %%%%%:   57-block  1
        -:   58:}
        -:   59:
        -:   60://////// Ejercicio 2 ////////////////
function _Z19trasponerTest_test1v called 0 returned 0% blocks executed 0%
    #####:   61:bool trasponerTest_test1() {
    #####:   62:	vector<vector<int> > vec(4,vector<int>(4,0)), res(4,vector<int>(4,0));
    %%%%%:   62-block  0
call    0 never executed
call    1 never executed
call    2 never executed
branch  3 never executed
branch  4 never executed
    %%%%%:   62-block  1
call    5 never executed
branch  6 never executed
branch  7 never executed
call    8 never executed
call    9 never executed
call   10 never executed
call   11 never executed
call   12 never executed
branch 13 never executed
branch 14 never executed
    %%%%%:   62-block  2
call   15 never executed
branch 16 never executed
branch 17 never executed
call   18 never executed
call   19 never executed
call   20 never executed
    $$$$$:   62-block  3
    $$$$$:   62-block  4
    $$$$$:   62-block  5
    $$$$$:   62-block  6
    $$$$$:   62-block  7
    $$$$$:   62-block  8
    $$$$$:   62-block  9
    $$$$$:   62-block 10
    $$$$$:   62-block 11
call   21 never executed
    $$$$$:   62-block 12
call   22 never executed
    #####:   63:	vec[0][1] = res[1][0] = 1;
call    0 never executed
call    1 never executed
call    2 never executed
call    3 never executed
    #####:   64:	vec[0][2] = res[2][0] = 2;
call    0 never executed
call    1 never executed
call    2 never executed
call    3 never executed
    #####:   65:	vec[0][3] = res[3][0] = 3;
call    0 never executed
call    1 never executed
call    2 never executed
call    3 never executed
    #####:   66:    vec[1][0] = res[0][1] = 8;
call    0 never executed
call    1 never executed
call    2 never executed
call    3 never executed
    #####:   67:	vec[1][2] = res[2][1] = 4;
call    0 never executed
call    1 never executed
call    2 never executed
call    3 never executed
    #####:   68:	vec[1][3] = res[3][1] = 5;
call    0 never executed
call    1 never executed
call    2 never executed
call    3 never executed
    #####:   69:    vec[2][0] = res[0][2] = 0;
call    0 never executed
call    1 never executed
call    2 never executed
call    3 never executed
    #####:   70:    vec[2][1] = res[1][2] = 15;
call    0 never executed
call    1 never executed
call    2 never executed
call    3 never executed
    #####:   71:	vec[2][3] = res[3][2] = 6;
call    0 never executed
call    1 never executed
call    2 never executed
call    3 never executed
    #####:   72:    vec[3][0] = res[0][3] = 4;
call    0 never executed
call    1 never executed
call    2 never executed
call    3 never executed
    #####:   73:    vec[3][1] = res[1][3] = 13;
call    0 never executed
call    1 never executed
call    2 never executed
call    3 never executed
    #####:   74:    vec[3][2] = res[2][3] = 10;
call    0 never executed
call    1 never executed
call    2 never executed
call    3 never executed
    #####:   75:	vec[0][0] = res[0][0] = vec[1][1] = res[1][1] = 10;
call    0 never executed
call    1 never executed
call    2 never executed
call    3 never executed
call    4 never executed
call    5 never executed
call    6 never executed
call    7 never executed
    #####:   76:	vec[2][2] = res[2][2] = vec[3][3] = res[3][3] = 20;
call    0 never executed
call    1 never executed
call    2 never executed
call    3 never executed
call    4 never executed
call    5 never executed
call    6 never executed
call    7 never executed
    #####:   77:	trasponer(vec);
call    0 never executed
branch  1 never executed
branch  2 never executed
    #####:   78:    bool out = asegurar(vec == res, true);
    %%%%%:   78-block  0
call    0 never executed
branch  1 never executed
branch  2 never executed
    %%%%%:   78-block  1
call    3 never executed
    #####:   79:    cout << "Test Uno x Uno: " << out << endl;
call    0 never executed
branch  1 never executed
branch  2 never executed
    %%%%%:   79-block  0
call    3 never executed
branch  4 never executed
branch  5 never executed
    %%%%%:   79-block  1
call    6 never executed
branch  7 never executed
branch  8 never executed
    #####:   80:    return out;
    %%%%%:   80-block  0
call    0 never executed
    %%%%%:   80-block  1
        -:   81:}
        -:   82:
function _Z19trasponerTest_test2v called 0 returned 0% blocks executed 0%
    #####:   83:bool trasponerTest_test2(){
    #####:   84:	vector<vector<int> > vec(5,vector<int>(5));
    %%%%%:   84-block  0
call    0 never executed
call    1 never executed
call    2 never executed
branch  3 never executed
branch  4 never executed
    %%%%%:   84-block  1
call    5 never executed
branch  6 never executed
branch  7 never executed
call    8 never executed
call    9 never executed
call   10 never executed
    $$$$$:   84-block  2
    $$$$$:   84-block  3
    $$$$$:   84-block  4
    $$$$$:   84-block  5
call   11 never executed
    #####:   85:	for(int i=0;i<5;i++) {
    %%%%%:   85-block  0
branch  0 never executed
branch  1 never executed
    %%%%%:   85-block  1
    #####:   86:		for(int j=0;j<5;j++) {
    %%%%%:   86-block  0
    %%%%%:   86-block  1
branch  0 never executed
branch  1 never executed
    #####:   87:			vec[i][j] = i+j;
    %%%%%:   87-block  0
call    0 never executed
call    1 never executed
        -:   88:		}
        -:   89:	}
        -:   90:
    #####:   91:	vector<vector<int> > res = vec;
    %%%%%:   91-block  0
call    0 never executed
branch  1 never executed
branch  2 never executed
    $$$$$:   91-block  1
call    3 never executed
    #####:   92:	trasponer(vec);
    %%%%%:   92-block  0
call    0 never executed
branch  1 never executed
branch  2 never executed
        -:   93:
    #####:   94:    bool out = asegurar(vec == res, true);
    %%%%%:   94-block  0
call    0 never executed
branch  1 never executed
branch  2 never executed
    %%%%%:   94-block  1
call    3 never executed
    #####:   95:    cout << "Test Simetrica: " << out << endl;
call    0 never executed
branch  1 never executed
branch  2 never executed
    %%%%%:   95-block  0
call    3 never executed
branch  4 never executed
branch  5 never executed
    %%%%%:   95-block  1
call    6 never executed
branch  7 never executed
branch  8 never executed
        -:   96:
    #####:   97:    return out;
    %%%%%:   97-block  0
call    0 never executed
    %%%%%:   97-block  1
        -:   98:}
        -:   99:
function _Z19trasponerTest_test3v called 0 returned 0% blocks executed 0%
    #####:  100:bool trasponerTest_test3(){
    #####:  101:	vector<vector<int> > vec(6,vector<int>(6)), res(6,vector<int>(6));
    %%%%%:  101-block  0
call    0 never executed
call    1 never executed
call    2 never executed
branch  3 never executed
branch  4 never executed
    %%%%%:  101-block  1
call    5 never executed
branch  6 never executed
branch  7 never executed
call    8 never executed
call    9 never executed
call   10 never executed
call   11 never executed
call   12 never executed
branch 13 never executed
branch 14 never executed
    %%%%%:  101-block  2
call   15 never executed
branch 16 never executed
branch 17 never executed
call   18 never executed
call   19 never executed
call   20 never executed
    $$$$$:  101-block  3
    $$$$$:  101-block  4
    $$$$$:  101-block  5
    $$$$$:  101-block  6
    $$$$$:  101-block  7
    $$$$$:  101-block  8
    $$$$$:  101-block  9
call   21 never executed
    $$$$$:  101-block 10
call   22 never executed
    #####:  102:	for(int i=0;i<6;i++) {
    %%%%%:  102-block  0
branch  0 never executed
branch  1 never executed
    %%%%%:  102-block  1
    #####:  103:		for(int j=0;j<=i;j++) {
    %%%%%:  103-block  0
    %%%%%:  103-block  1
branch  0 never executed
branch  1 never executed
    #####:  104:			vec[i][j] = (i*13+j*17)%19;
    %%%%%:  104-block  0
call    0 never executed
call    1 never executed
    #####:  105:			res[j][i] = vec[i][j];
call    0 never executed
call    1 never executed
call    2 never executed
call    3 never executed
        -:  106:		}
        -:  107:	}
    #####:  108:	trasponer(vec);
    %%%%%:  108-block  0
call    0 never executed
branch  1 never executed
branch  2 never executed
    #####:  109:    bool out = asegurar(vec == res, true);
    %%%%%:  109-block  0
call    0 never executed
branch  1 never executed
branch  2 never executed
    %%%%%:  109-block  1
call    3 never executed
    #####:  110:    cout << "Test Mat3: " << out << endl;
call    0 never executed
branch  1 never executed
branch  2 never executed
    %%%%%:  110-block  0
call    3 never executed
branch  4 never executed
branch  5 never executed
    %%%%%:  110-block  1
call    6 never executed
branch  7 never executed
branch  8 never executed
    #####:  111:    return out;
    %%%%%:  111-block  0
call    0 never executed
    %%%%%:  111-block  1
        -:  112:}
        -:  113:
        -:  114://////// Ejercicio 3 ////////////////
function _Z21multiplicarTest_test1v called 0 returned 0% blocks executed 0%
    #####:  115:bool multiplicarTest_test1(){
    #####:  116:	vector<vector<int> > m1(3,vector<int>(4)), m2(4,vector<int>(5)), res(3,vector<int>(5));
    %%%%%:  116-block  0
call    0 never executed
call    1 never executed
call    2 never executed
branch  3 never executed
branch  4 never executed
    %%%%%:  116-block  1
call    5 never executed
branch  6 never executed
branch  7 never executed
call    8 never executed
call    9 never executed
call   10 never executed
call   11 never executed
call   12 never executed
branch 13 never executed
branch 14 never executed
    %%%%%:  116-block  2
call   15 never executed
branch 16 never executed
branch 17 never executed
call   18 never executed
call   19 never executed
call   20 never executed
call   21 never executed
call   22 never executed
branch 23 never executed
branch 24 never executed
    %%%%%:  116-block  3
call   25 never executed
branch 26 never executed
branch 27 never executed
call   28 never executed
call   29 never executed
call   30 never executed
call   31 never executed
    $$$$$:  116-block  4
    $$$$$:  116-block  5
    $$$$$:  116-block  6
    $$$$$:  116-block  7
    $$$$$:  116-block  8
    $$$$$:  116-block  9
    $$$$$:  116-block 10
    $$$$$:  116-block 11
    $$$$$:  116-block 12
    $$$$$:  116-block 13
call   32 never executed
    $$$$$:  116-block 14
call   33 never executed
    $$$$$:  116-block 15
call   34 never executed
    #####:  117:	m1[0][0] = 1;
call    0 never executed
call    1 never executed
    #####:  118:	m1[0][1] = 2;
call    0 never executed
call    1 never executed
    #####:  119:	m1[0][2] = 3;
call    0 never executed
call    1 never executed
    #####:  120:	m1[0][3] = 4;
call    0 never executed
call    1 never executed
    #####:  121:	m1[1][0] = 5;
call    0 never executed
call    1 never executed
    #####:  122:	m1[1][1] = 6;
call    0 never executed
call    1 never executed
    #####:  123:	m1[1][2] = 7;
call    0 never executed
call    1 never executed
    #####:  124:	m1[1][3] = 8;
call    0 never executed
call    1 never executed
    #####:  125:	m1[2][0] = 9;
call    0 never executed
call    1 never executed
    #####:  126:	m1[2][1] = 10;
call    0 never executed
call    1 never executed
    #####:  127:	m1[2][2] = 11;
call    0 never executed
call    1 never executed
    #####:  128:	m1[2][3] = 12;
call    0 never executed
call    1 never executed
        -:  129:
    #####:  130:	m2[0][0] = 1;
call    0 never executed
call    1 never executed
    #####:  131:	m2[0][1] = 2;
call    0 never executed
call    1 never executed
    #####:  132:	m2[0][2] = 3;
call    0 never executed
call    1 never executed
    #####:  133:	m2[0][3] = 1;
call    0 never executed
call    1 never executed
    #####:  134:	m2[0][4] = 2;
call    0 never executed
call    1 never executed
    #####:  135:	m2[1][0] = 3;
call    0 never executed
call    1 never executed
    #####:  136:	m2[1][1] = 1;
call    0 never executed
call    1 never executed
    #####:  137:	m2[1][2] = 2;
call    0 never executed
call    1 never executed
    #####:  138:	m2[1][3] = 3;
call    0 never executed
call    1 never executed
    #####:  139:	m2[1][4] = 1;
call    0 never executed
call    1 never executed
    #####:  140:	m2[2][0] = 2;
call    0 never executed
call    1 never executed
    #####:  141:	m2[2][1] = 3;
call    0 never executed
call    1 never executed
    #####:  142:	m2[2][2] = 1;
call    0 never executed
call    1 never executed
    #####:  143:	m2[2][3] = 2;
call    0 never executed
call    1 never executed
    #####:  144:	m2[2][4] = 3;
call    0 never executed
call    1 never executed
    #####:  145:	m2[3][0] = 1;
call    0 never executed
call    1 never executed
    #####:  146:	m2[3][1] = 2;
call    0 never executed
call    1 never executed
    #####:  147:	m2[3][2] = 3;
call    0 never executed
call    1 never executed
    #####:  148:	m2[3][3] = 1;
call    0 never executed
call    1 never executed
    #####:  149:	m2[3][4] = 2;
call    0 never executed
call    1 never executed
        -:  150:
    #####:  151:	res[0][0] = 17;
call    0 never executed
call    1 never executed
    #####:  152:	res[0][1] = 21;
call    0 never executed
call    1 never executed
    #####:  153:	res[0][2] = 22;
call    0 never executed
call    1 never executed
    #####:  154:	res[0][3] = 17;
call    0 never executed
call    1 never executed
    #####:  155:	res[0][4] = 21;
call    0 never executed
call    1 never executed
        -:  156:
    #####:  157:	res[1][0] = 45;
call    0 never executed
call    1 never executed
    #####:  158:	res[1][1] = 53;
call    0 never executed
call    1 never executed
    #####:  159:	res[1][2] = 58;
call    0 never executed
call    1 never executed
    #####:  160:	res[1][3] = 45;
call    0 never executed
call    1 never executed
    #####:  161:	res[1][4] = 53;
call    0 never executed
call    1 never executed
        -:  162:
    #####:  163:	res[2][0] = 73;
call    0 never executed
call    1 never executed
    #####:  164:	res[2][1] = 85;
call    0 never executed
call    1 never executed
    #####:  165:	res[2][2] = 94;
call    0 never executed
call    1 never executed
    #####:  166:	res[2][3] = 73;
call    0 never executed
call    1 never executed
    #####:  167:	res[2][4] = 85;
call    0 never executed
call    1 never executed
        -:  168:    
    #####:  169:    bool out = asegurar(multiplicar(m1,m2) == res, true);
call    0 never executed
branch  1 never executed
branch  2 never executed
    %%%%%:  169-block  0
call    3 never executed
branch  4 never executed
branch  5 never executed
    %%%%%:  169-block  1
call    6 never executed
call    7 never executed
    $$$$$:  169-block  2
call    8 never executed
    $$$$$:  169-block  3
    #####:  170:    cout << "Test Mat1: " << out << endl;
call    0 never executed
branch  1 never executed
branch  2 never executed
    %%%%%:  170-block  0
call    3 never executed
branch  4 never executed
branch  5 never executed
    %%%%%:  170-block  1
call    6 never executed
branch  7 never executed
branch  8 never executed
    #####:  171:    return out;
    %%%%%:  171-block  0
call    0 never executed
    %%%%%:  171-block  1
        -:  172:   
        -:  173:    
        -:  174:}
        -:  175:
function _Z21multiplicarTest_test2v called 0 returned 0% blocks executed 0%
    #####:  176:bool multiplicarTest_test2() {
    #####:  177:	vector<vector<int> > m1(5,vector<int>(5,0)), m2(5,vector<int>(5)), res;
    %%%%%:  177-block  0
call    0 never executed
call    1 never executed
call    2 never executed
branch  3 never executed
branch  4 never executed
    %%%%%:  177-block  1
call    5 never executed
branch  6 never executed
branch  7 never executed
call    8 never executed
call    9 never executed
call   10 never executed
call   11 never executed
call   12 never executed
branch 13 never executed
branch 14 never executed
    %%%%%:  177-block  2
call   15 never executed
branch 16 never executed
branch 17 never executed
call   18 never executed
call   19 never executed
call   20 never executed
call   21 never executed
call   22 never executed
    $$$$$:  177-block  3
    $$$$$:  177-block  4
    $$$$$:  177-block  5
    $$$$$:  177-block  6
    $$$$$:  177-block  7
    $$$$$:  177-block  8
    $$$$$:  177-block  9
    $$$$$:  177-block 10
call   23 never executed
    $$$$$:  177-block 11
call   24 never executed
    $$$$$:  177-block 12
call   25 never executed
    #####:  178:	m1[0][0] = m1[1][1] = m1[2][2] = m1[3][3] = m1[4][4] = 1;
call    0 never executed
call    1 never executed
call    2 never executed
call    3 never executed
call    4 never executed
call    5 never executed
call    6 never executed
call    7 never executed
call    8 never executed
call    9 never executed
    #####:  179:	m2[0][0] = 1;
call    0 never executed
call    1 never executed
    #####:  180:	m2[0][1] = 2;
call    0 never executed
call    1 never executed
    #####:  181:	m2[0][2] = 3;
call    0 never executed
call    1 never executed
    #####:  182:	m2[0][3] = 1;
call    0 never executed
call    1 never executed
    #####:  183:	m2[0][4] = 2;
call    0 never executed
call    1 never executed
    #####:  184:	m2[1][0] = 3;
call    0 never executed
call    1 never executed
    #####:  185:	m2[1][1] = 1;
call    0 never executed
call    1 never executed
    #####:  186:	m2[1][2] = 2;
call    0 never executed
call    1 never executed
    #####:  187:	m2[1][3] = 3;
call    0 never executed
call    1 never executed
    #####:  188:	m2[1][4] = 1;
call    0 never executed
call    1 never executed
    #####:  189:	m2[2][0] = 2;
call    0 never executed
call    1 never executed
    #####:  190:	m2[2][1] = 3;
call    0 never executed
call    1 never executed
    #####:  191:	m2[2][2] = 1;
call    0 never executed
call    1 never executed
    #####:  192:	m2[2][3] = 2;
call    0 never executed
call    1 never executed
    #####:  193:	m2[2][4] = 3;
call    0 never executed
call    1 never executed
    #####:  194:	m2[3][0] = 1;
call    0 never executed
call    1 never executed
    #####:  195:	m2[3][1] = 2;
call    0 never executed
call    1 never executed
    #####:  196:	m2[3][2] = 3;
call    0 never executed
call    1 never executed
    #####:  197:	m2[3][3] = 1;
call    0 never executed
call    1 never executed
    #####:  198:	m2[3][4] = 2;
call    0 never executed
call    1 never executed
    #####:  199:	m2[4][0] = 1;
call    0 never executed
call    1 never executed
    #####:  200:	m2[4][1] = 2;
call    0 never executed
call    1 never executed
    #####:  201:	m2[4][2] = 3;
call    0 never executed
call    1 never executed
    #####:  202:	m2[4][3] = 1;
call    0 never executed
call    1 never executed
    #####:  203:	m2[4][4] = 2;
call    0 never executed
call    1 never executed
        -:  204:
    #####:  205:	res = m2;
call    0 never executed
branch  1 never executed
branch  2 never executed
    #####:  206:    bool out = asegurar(multiplicar(m1,m2) == res, true);
    %%%%%:  206-block  0
call    0 never executed
branch  1 never executed
branch  2 never executed
    %%%%%:  206-block  1
call    3 never executed
branch  4 never executed
branch  5 never executed
    %%%%%:  206-block  2
call    6 never executed
call    7 never executed
    $$$$$:  206-block  3
call    8 never executed
    $$$$$:  206-block  4
    #####:  207:    cout << "Test Identidad: " << out << endl;
call    0 never executed
branch  1 never executed
branch  2 never executed
    %%%%%:  207-block  0
call    3 never executed
branch  4 never executed
branch  5 never executed
    %%%%%:  207-block  1
call    6 never executed
branch  7 never executed
branch  8 never executed
    #####:  208:    return out;
    %%%%%:  208-block  0
call    0 never executed
    %%%%%:  208-block  1
        -:  209:}
        -:  210:
        -:  211://////// Ejercicio 4 ////////////////
function _Z19promediarTest_test1v called 0 returned 0% blocks executed 0%
    #####:  212:bool promediarTest_test1() {
    #####:  213:	vector<vector<int> > vec(5,vector<int>(5,0));
    %%%%%:  213-block  0
call    0 never executed
call    1 never executed
call    2 never executed
branch  3 never executed
branch  4 never executed
    %%%%%:  213-block  1
call    5 never executed
branch  6 never executed
branch  7 never executed
call    8 never executed
call    9 never executed
call   10 never executed
    $$$$$:  213-block  2
    $$$$$:  213-block  3
    $$$$$:  213-block  4
    $$$$$:  213-block  5
    $$$$$:  213-block  6
call   11 never executed
    #####:  214:	for(int i=0;i<5;i++) {
    %%%%%:  214-block  0
branch  0 never executed
branch  1 never executed
    #####:  215:		vec[i][i] = 10*(i+1);
    %%%%%:  215-block  0
call    0 never executed
call    1 never executed
        -:  216:	}
        -:  217:
    #####:  218:	vector<vector<int> > res(5,vector<int>(5,0));
    %%%%%:  218-block  0
call    0 never executed
call    1 never executed
call    2 never executed
branch  3 never executed
branch  4 never executed
    %%%%%:  218-block  1
call    5 never executed
branch  6 never executed
branch  7 never executed
call    8 never executed
call    9 never executed
    $$$$$:  218-block  2
    $$$$$:  218-block  3
    $$$$$:  218-block  4
    $$$$$:  218-block  5
    $$$$$:  218-block  6
call   10 never executed
    #####:  219:	res[0][0] = res[2][3] = res[3][2] = 7;
call    0 never executed
call    1 never executed
call    2 never executed
call    3 never executed
call    4 never executed
call    5 never executed
    #####:  220:	res[0][1] = res[1][0] = res[1][2] = res[2][1] = 5;
call    0 never executed
call    1 never executed
call    2 never executed
call    3 never executed
call    4 never executed
call    5 never executed
call    6 never executed
call    7 never executed
    #####:  221:	res[0][2] = res[2][0] = res[1][3] = res[3][1] = 3;
call    0 never executed
call    1 never executed
call    2 never executed
call    3 never executed
call    4 never executed
call    5 never executed
call    6 never executed
call    7 never executed
    #####:  222:	res[1][1] = res[2][4] = res[4][2] = 6;
call    0 never executed
call    1 never executed
call    2 never executed
call    3 never executed
call    4 never executed
call    5 never executed
    #####:  223:	res[2][2] = 10;
call    0 never executed
call    1 never executed
    #####:  224:	res[3][3] = 13;
call    0 never executed
call    1 never executed
    #####:  225:	res[3][4] = res[4][3] = 15;
call    0 never executed
call    1 never executed
call    2 never executed
call    3 never executed
    #####:  226:	res[4][4] = 22;
call    0 never executed
call    1 never executed
    #####:  227:    bool out = asegurar(promediar(vec) == res, true);
call    0 never executed
branch  1 never executed
branch  2 never executed
    %%%%%:  227-block  0
call    3 never executed
branch  4 never executed
branch  5 never executed
    %%%%%:  227-block  1
call    6 never executed
branch  7 never executed
branch  8 never executed
    %%%%%:  227-block  2
call    9 never executed
call   10 never executed
call   11 never executed
    $$$$$:  227-block  3
call   12 never executed
    $$$$$:  227-block  4
    $$$$$:  227-block  5
call   13 never executed
    $$$$$:  227-block  6
    #####:  228:    cout << "Test Diagonal: " << out << endl;
call    0 never executed
branch  1 never executed
branch  2 never executed
    %%%%%:  228-block  0
call    3 never executed
branch  4 never executed
branch  5 never executed
    %%%%%:  228-block  1
call    6 never executed
branch  7 never executed
branch  8 never executed
    #####:  229:    return out;
    %%%%%:  229-block  0
call    0 never executed
    %%%%%:  229-block  1
        -:  230:}
        -:  231:
function _Z19promediarTest_test2v called 0 returned 0% blocks executed 0%
    #####:  232:bool promediarTest_test2(){
    #####:  233:	vector<vector<int> > vec(5,vector<int>(5,0)),res(5,vector<int>(5,1));
    %%%%%:  233-block  0
call    0 never executed
call    1 never executed
call    2 never executed
branch  3 never executed
branch  4 never executed
    %%%%%:  233-block  1
call    5 never executed
branch  6 never executed
branch  7 never executed
call    8 never executed
call    9 never executed
call   10 never executed
call   11 never executed
call   12 never executed
branch 13 never executed
branch 14 never executed
    %%%%%:  233-block  2
call   15 never executed
branch 16 never executed
branch 17 never executed
call   18 never executed
call   19 never executed
call   20 never executed
    $$$$$:  233-block  3
    $$$$$:  233-block  4
    $$$$$:  233-block  5
    $$$$$:  233-block  6
    $$$$$:  233-block  7
    $$$$$:  233-block  8
    $$$$$:  233-block  9
    $$$$$:  233-block 10
    $$$$$:  233-block 11
call   21 never executed
    $$$$$:  233-block 12
call   22 never executed
    #####:  234:	for(int i=0;i<5;i++) {
    %%%%%:  234-block  0
branch  0 never executed
branch  1 never executed
    %%%%%:  234-block  1
    #####:  235:		for(int j=0;j<5;j++) {
    %%%%%:  235-block  0
    %%%%%:  235-block  1
branch  0 never executed
branch  1 never executed
    %%%%%:  235-block  2
    #####:  236:			if(i%2==j%2) {
    %%%%%:  236-block  0
branch  0 never executed
branch  1 never executed
    #####:  237:				vec[i][j] = 2;
    %%%%%:  237-block  0
call    0 never executed
call    1 never executed
        -:  238:			}
        -:  239:		}
        -:  240:	}
    #####:  241:	res[1][2] = res[3][2] = res[2][1] = res[2][3] = 0;
    %%%%%:  241-block  0
call    0 never executed
call    1 never executed
call    2 never executed
call    3 never executed
call    4 never executed
call    5 never executed
call    6 never executed
call    7 never executed
    #####:  242:    bool out = asegurar(promediar(vec) == res, true);
call    0 never executed
branch  1 never executed
branch  2 never executed
    %%%%%:  242-block  0
call    3 never executed
branch  4 never executed
branch  5 never executed
    %%%%%:  242-block  1
call    6 never executed
branch  7 never executed
branch  8 never executed
    %%%%%:  242-block  2
call    9 never executed
call   10 never executed
call   11 never executed
    $$$$$:  242-block  3
call   12 never executed
    $$$$$:  242-block  4
    $$$$$:  242-block  5
call   13 never executed
    $$$$$:  242-block  6
    #####:  243:    cout << "Test Mat2: " << out << endl;
call    0 never executed
branch  1 never executed
branch  2 never executed
    %%%%%:  243-block  0
call    3 never executed
branch  4 never executed
branch  5 never executed
    %%%%%:  243-block  1
call    6 never executed
branch  7 never executed
branch  8 never executed
    #####:  244:    return out;
    %%%%%:  244-block  0
call    0 never executed
    %%%%%:  244-block  1
        -:  245:}
        -:  246:
        -:  247://////// Ejercicio 5 ////////////////
function _Z21contarPicosTest_test1v called 0 returned 0% blocks executed 0%
    #####:  248:bool contarPicosTest_test1(){
    #####:  249:	vector<vector<int> > vec(10,vector<int>(10));
    %%%%%:  249-block  0
call    0 never executed
call    1 never executed
call    2 never executed
branch  3 never executed
branch  4 never executed
    %%%%%:  249-block  1
call    5 never executed
branch  6 never executed
branch  7 never executed
call    8 never executed
call    9 never executed
    $$$$$:  249-block  2
    $$$$$:  249-block  3
    $$$$$:  249-block  4
    $$$$$:  249-block  5
call   10 never executed
    #####:  250:	for(int i=0;i<10;i++) {
    %%%%%:  250-block  0
branch  0 never executed
branch  1 never executed
    %%%%%:  250-block  1
    #####:  251:		for(int j=0;j<10;j++) {
    %%%%%:  251-block  0
    %%%%%:  251-block  1
branch  0 never executed
branch  1 never executed
    #####:  252:			vec[i][j] = ((1<<i)*((j+10)*41))%13;
    %%%%%:  252-block  0
call    0 never executed
call    1 never executed
        -:  253:		}
        -:  254:	}
        -:  255:
    #####:  256:    bool out = asegurar(contarPicos(vec) == 8, true);
    %%%%%:  256-block  0
call    0 never executed
branch  1 never executed
branch  2 never executed
    %%%%%:  256-block  1
call    3 never executed
branch  4 never executed
branch  5 never executed
    %%%%%:  256-block  2
call    6 never executed
call    7 never executed
    $$$$$:  256-block  3
call    8 never executed
    $$$$$:  256-block  4
    #####:  257:    cout << "Test 1: " << out << endl;
call    0 never executed
branch  1 never executed
branch  2 never executed
    %%%%%:  257-block  0
call    3 never executed
branch  4 never executed
branch  5 never executed
    %%%%%:  257-block  1
call    6 never executed
branch  7 never executed
branch  8 never executed
    #####:  258:    return out;
    %%%%%:  258-block  0
call    0 never executed
    %%%%%:  258-block  1
        -:  259:}
        -:  260:
function _Z21contarPicosTest_test2v called 0 returned 0% blocks executed 0%
    #####:  261:bool contarPicosTest_test2(){
    #####:  262:	vector<vector<int> > vec(20,vector<int>(40,0));
    %%%%%:  262-block  0
call    0 never executed
call    1 never executed
call    2 never executed
branch  3 never executed
branch  4 never executed
    %%%%%:  262-block  1
call    5 never executed
branch  6 never executed
branch  7 never executed
call    8 never executed
call    9 never executed
    $$$$$:  262-block  2
    $$$$$:  262-block  3
    $$$$$:  262-block  4
    $$$$$:  262-block  5
    $$$$$:  262-block  6
call   10 never executed
    #####:  263:	for(int i=0;i<10;i++) {
    %%%%%:  263-block  0
branch  0 never executed
branch  1 never executed
    %%%%%:  263-block  1
    #####:  264:		for(int j=0;j<20;j++) {
    %%%%%:  264-block  0
    %%%%%:  264-block  1
branch  0 never executed
branch  1 never executed
    #####:  265:			vec[2*i][2*j] = 1;
    %%%%%:  265-block  0
call    0 never executed
call    1 never executed
        -:  266:		}
        -:  267:	}
    #####:  268:    bool out = asegurar(contarPicos(vec) == 200, true);
    %%%%%:  268-block  0
call    0 never executed
branch  1 never executed
branch  2 never executed
    %%%%%:  268-block  1
call    3 never executed
branch  4 never executed
branch  5 never executed
    %%%%%:  268-block  2
call    6 never executed
call    7 never executed
    $$$$$:  268-block  3
call    8 never executed
    $$$$$:  268-block  4
    #####:  269:    cout << "Test 2: " << out << endl;
call    0 never executed
branch  1 never executed
branch  2 never executed
    %%%%%:  269-block  0
call    3 never executed
branch  4 never executed
branch  5 never executed
    %%%%%:  269-block  1
call    6 never executed
branch  7 never executed
branch  8 never executed
    #####:  270:    return out;
    %%%%%:  270-block  0
call    0 never executed
    %%%%%:  270-block  1
        -:  271:}
        -:  272:
        -:  273://////// Ejercicio 6 ////////////////
function _Z22esTriangularTest_test1v called 0 returned 0% blocks executed 0%
    #####:  274:bool esTriangularTest_test1(){
        -:  275:    vector<vector<int> > m = {
        -:  276:            {1,2,0,4},
        -:  277:            {0,2,0,0},
        -:  278:            {0,0,3,4},
        -:  279:            {0,0,0,4}
    #####:  280:        };
    %%%%%:  280-block  0
call    0 never executed
call    1 never executed
branch  2 never executed
branch  3 never executed
    %%%%%:  280-block  1
call    4 never executed
call    5 never executed
branch  6 never executed
branch  7 never executed
    %%%%%:  280-block  2
call    8 never executed
call    9 never executed
branch 10 never executed
branch 11 never executed
    %%%%%:  280-block  3
call   12 never executed
call   13 never executed
branch 14 never executed
branch 15 never executed
    %%%%%:  280-block  4
call   16 never executed
call   17 never executed
branch 18 never executed
branch 19 never executed
    %%%%%:  280-block  5
call   20 never executed
    %%%%%:  280-block  6
call   21 never executed
call   22 never executed
call   23 never executed
call   24 never executed
    $$$$$:  280-block  7
    $$$$$:  280-block  8
call   25 never executed
    $$$$$:  280-block  9
    $$$$$:  280-block 10
    $$$$$:  280-block 11
    $$$$$:  280-block 12
    $$$$$:  280-block 13
    $$$$$:  280-block 14
    $$$$$:  280-block 15
    $$$$$:  280-block 16
    $$$$$:  280-block 17
    $$$$$:  280-block 18
call   26 never executed
    #####:  281:    bool res = esTriangular(m);
call    0 never executed
branch  1 never executed
branch  2 never executed
    %%%%%:  281-block  0
call    3 never executed
branch  4 never executed
branch  5 never executed
    %%%%%:  281-block  1
call    6 never executed
    $$$$$:  281-block  2
call    7 never executed
    $$$$$:  281-block  3
    #####:  282:    bool out = asegurar(res, true);
call    0 never executed
    #####:  283:    cout << "Test triangularSuperior: " << out << endl;
call    0 never executed
branch  1 never executed
branch  2 never executed
    %%%%%:  283-block  0
call    3 never executed
branch  4 never executed
branch  5 never executed
    %%%%%:  283-block  1
call    6 never executed
branch  7 never executed
branch  8 never executed
    #####:  284:    return out;
    %%%%%:  284-block  0
call    0 never executed
    %%%%%:  284-block  1
        -:  285:}
        -:  286:
function _Z22esTriangularTest_test2v called 0 returned 0% blocks executed 0%
    #####:  287:bool esTriangularTest_test2(){
        -:  288:    vector<vector<int> > m = {
        -:  289:            {1,0,0,0},
        -:  290:            {0,2,0,0},
        -:  291:            {0,8,3,0},
        -:  292:            {0,0,0,4}
    #####:  293:    };
    %%%%%:  293-block  0
call    0 never executed
call    1 never executed
branch  2 never executed
branch  3 never executed
    %%%%%:  293-block  1
call    4 never executed
call    5 never executed
branch  6 never executed
branch  7 never executed
    %%%%%:  293-block  2
call    8 never executed
call    9 never executed
branch 10 never executed
branch 11 never executed
    %%%%%:  293-block  3
call   12 never executed
call   13 never executed
branch 14 never executed
branch 15 never executed
    %%%%%:  293-block  4
call   16 never executed
call   17 never executed
branch 18 never executed
branch 19 never executed
    %%%%%:  293-block  5
call   20 never executed
    %%%%%:  293-block  6
call   21 never executed
call   22 never executed
call   23 never executed
call   24 never executed
    $$$$$:  293-block  7
    $$$$$:  293-block  8
call   25 never executed
    $$$$$:  293-block  9
    $$$$$:  293-block 10
    $$$$$:  293-block 11
    $$$$$:  293-block 12
    $$$$$:  293-block 13
    $$$$$:  293-block 14
    $$$$$:  293-block 15
    $$$$$:  293-block 16
    $$$$$:  293-block 17
    $$$$$:  293-block 18
call   26 never executed
    #####:  294:    bool res = esTriangular(m);
call    0 never executed
branch  1 never executed
branch  2 never executed
    %%%%%:  294-block  0
call    3 never executed
branch  4 never executed
branch  5 never executed
    %%%%%:  294-block  1
call    6 never executed
    $$$$$:  294-block  2
call    7 never executed
    $$$$$:  294-block  3
    #####:  295:    bool out = asegurar(res, true);
call    0 never executed
    #####:  296:    cout << "Test triangularInferior: " << out << endl;
call    0 never executed
branch  1 never executed
branch  2 never executed
    %%%%%:  296-block  0
call    3 never executed
branch  4 never executed
branch  5 never executed
    %%%%%:  296-block  1
call    6 never executed
branch  7 never executed
branch  8 never executed
    #####:  297:    return out;
    %%%%%:  297-block  0
call    0 never executed
    %%%%%:  297-block  1
        -:  298:}
        -:  299:
function _Z22esTriangularTest_test3v called 0 returned 0% blocks executed 0%
    #####:  300:bool esTriangularTest_test3(){
        -:  301:    vector<vector<int> > m = {
        -:  302:            {1,0,0,0},
        -:  303:            {0,2,3,0},
        -:  304:            {0,0,3,0},
        -:  305:            {1,0,0,0}
    #####:  306:    };
    %%%%%:  306-block  0
call    0 never executed
call    1 never executed
branch  2 never executed
branch  3 never executed
    %%%%%:  306-block  1
call    4 never executed
call    5 never executed
branch  6 never executed
branch  7 never executed
    %%%%%:  306-block  2
call    8 never executed
call    9 never executed
branch 10 never executed
branch 11 never executed
    %%%%%:  306-block  3
call   12 never executed
call   13 never executed
branch 14 never executed
branch 15 never executed
    %%%%%:  306-block  4
call   16 never executed
call   17 never executed
branch 18 never executed
branch 19 never executed
    %%%%%:  306-block  5
call   20 never executed
    %%%%%:  306-block  6
call   21 never executed
call   22 never executed
call   23 never executed
call   24 never executed
    $$$$$:  306-block  7
    $$$$$:  306-block  8
call   25 never executed
    $$$$$:  306-block  9
    $$$$$:  306-block 10
    $$$$$:  306-block 11
    $$$$$:  306-block 12
    $$$$$:  306-block 13
    $$$$$:  306-block 14
    $$$$$:  306-block 15
    $$$$$:  306-block 16
    $$$$$:  306-block 17
    $$$$$:  306-block 18
call   26 never executed
    #####:  307:    bool res = esTriangular(m);
call    0 never executed
branch  1 never executed
branch  2 never executed
    %%%%%:  307-block  0
call    3 never executed
branch  4 never executed
branch  5 never executed
    %%%%%:  307-block  1
call    6 never executed
    $$$$$:  307-block  2
call    7 never executed
    $$$$$:  307-block  3
    #####:  308:    bool out = asegurar(res, false);
call    0 never executed
    #####:  309:    cout << "Test casi Triangular: " << out << endl;
call    0 never executed
branch  1 never executed
branch  2 never executed
    %%%%%:  309-block  0
call    3 never executed
branch  4 never executed
branch  5 never executed
    %%%%%:  309-block  1
call    6 never executed
branch  7 never executed
branch  8 never executed
    #####:  310:    return out;
    %%%%%:  310-block  0
call    0 never executed
    %%%%%:  310-block  1
        -:  311:}
        -:  312:
function _Z22esTriangularTest_test4v called 0 returned 0% blocks executed 0%
    #####:  313:bool esTriangularTest_test4(){
        -:  314:    vector<vector<int> > m = {
        -:  315:            {0,0,0,4},
        -:  316:            {0,0,0,0},
        -:  317:            {0,0,0,0},
        -:  318:            {1,0,0,0}
    #####:  319:    };
    %%%%%:  319-block  0
call    0 never executed
call    1 never executed
branch  2 never executed
branch  3 never executed
    %%%%%:  319-block  1
call    4 never executed
call    5 never executed
branch  6 never executed
branch  7 never executed
    %%%%%:  319-block  2
call    8 never executed
call    9 never executed
branch 10 never executed
branch 11 never executed
    %%%%%:  319-block  3
call   12 never executed
call   13 never executed
branch 14 never executed
branch 15 never executed
    %%%%%:  319-block  4
call   16 never executed
call   17 never executed
branch 18 never executed
branch 19 never executed
    %%%%%:  319-block  5
call   20 never executed
    %%%%%:  319-block  6
call   21 never executed
call   22 never executed
call   23 never executed
call   24 never executed
    $$$$$:  319-block  7
    $$$$$:  319-block  8
call   25 never executed
    $$$$$:  319-block  9
    $$$$$:  319-block 10
    $$$$$:  319-block 11
    $$$$$:  319-block 12
    $$$$$:  319-block 13
    $$$$$:  319-block 14
    $$$$$:  319-block 15
    $$$$$:  319-block 16
    $$$$$:  319-block 17
    $$$$$:  319-block 18
call   26 never executed
    #####:  320:    bool res = esTriangular(m);
call    0 never executed
branch  1 never executed
branch  2 never executed
    %%%%%:  320-block  0
call    3 never executed
branch  4 never executed
branch  5 never executed
    %%%%%:  320-block  1
call    6 never executed
    $$$$$:  320-block  2
call    7 never executed
    $$$$$:  320-block  3
    #####:  321:    bool out = asegurar(res, false);
call    0 never executed
    #####:  322:    cout << "Test ceros en Diagonal: " << out << endl;
call    0 never executed
branch  1 never executed
branch  2 never executed
    %%%%%:  322-block  0
call    3 never executed
branch  4 never executed
branch  5 never executed
    %%%%%:  322-block  1
call    6 never executed
branch  7 never executed
branch  8 never executed
    #####:  323:    return out;
    %%%%%:  323-block  0
call    0 never executed
    %%%%%:  323-block  1
        -:  324:}
        -:  325:
function _Z22esTriangularTest_test5v called 0 returned 0% blocks executed 0%
    #####:  326:bool esTriangularTest_test5(){
        -:  327:    vector<vector<int> > m = {
        -:  328:            {1,8},
        -:  329:            {0,2},
    #####:  330:    };
    %%%%%:  330-block  0
call    0 never executed
call    1 never executed
branch  2 never executed
branch  3 never executed
    %%%%%:  330-block  1
call    4 never executed
call    5 never executed
branch  6 never executed
branch  7 never executed
    %%%%%:  330-block  2
call    8 never executed
call    9 never executed
branch 10 never executed
branch 11 never executed
    %%%%%:  330-block  3
call   12 never executed
    %%%%%:  330-block  4
call   13 never executed
call   14 never executed
    $$$$$:  330-block  5
    $$$$$:  330-block  6
call   15 never executed
    $$$$$:  330-block  7
    $$$$$:  330-block  8
    $$$$$:  330-block  9
    $$$$$:  330-block 10
    $$$$$:  330-block 11
    $$$$$:  330-block 12
call   16 never executed
    #####:  331:    bool res = esTriangular(m);
call    0 never executed
branch  1 never executed
branch  2 never executed
    %%%%%:  331-block  0
call    3 never executed
branch  4 never executed
branch  5 never executed
    %%%%%:  331-block  1
call    6 never executed
    $$$$$:  331-block  2
call    7 never executed
    $$$$$:  331-block  3
    #####:  332:    bool out = asegurar(res, true);
call    0 never executed
    #####:  333:    cout << "Test dos x dos: " << out << endl;
call    0 never executed
branch  1 never executed
branch  2 never executed
    %%%%%:  333-block  0
call    3 never executed
branch  4 never executed
branch  5 never executed
    %%%%%:  333-block  1
call    6 never executed
branch  7 never executed
branch  8 never executed
    #####:  334:    return out;
    %%%%%:  334-block  0
call    0 never executed
    %%%%%:  334-block  1
        -:  335:}
        -:  336:
        -:  337://////// Ejercicio 7 ////////////////
function _Z20hayAmenazaTest_test1v called 0 returned 0% blocks executed 0%
    #####:  338:bool hayAmenazaTest_test1() {
    #####:  339:	vector<vector<int> > vec(8,vector<int>(8,0));
    %%%%%:  339-block  0
call    0 never executed
call    1 never executed
call    2 never executed
branch  3 never executed
branch  4 never executed
    %%%%%:  339-block  1
call    5 never executed
branch  6 never executed
branch  7 never executed
call    8 never executed
call    9 never executed
    $$$$$:  339-block  2
    $$$$$:  339-block  3
    $$$$$:  339-block  4
    $$$$$:  339-block  5
    $$$$$:  339-block  6
call   10 never executed
    #####:  340:	vec[0][2] = vec[1][5] = vec[2][3] = vec[3][0] = vec[4][7] = vec[5][4] = vec[6][6] = vec[7][1] = 1;
call    0 never executed
call    1 never executed
call    2 never executed
call    3 never executed
call    4 never executed
call    5 never executed
call    6 never executed
call    7 never executed
call    8 never executed
call    9 never executed
call   10 never executed
call   11 never executed
call   12 never executed
call   13 never executed
call   14 never executed
call   15 never executed
    #####:  341:    bool out = asegurar(hayAmenaza(vec) == 0, true);
call    0 never executed
branch  1 never executed
branch  2 never executed
    %%%%%:  341-block  0
call    3 never executed
branch  4 never executed
branch  5 never executed
    %%%%%:  341-block  1
call    6 never executed
call    7 never executed
    $$$$$:  341-block  2
call    8 never executed
    $$$$$:  341-block  3
    #####:  342:    cout << "Test1 amenaza 0: " << out << endl;
call    0 never executed
branch  1 never executed
branch  2 never executed
    %%%%%:  342-block  0
call    3 never executed
branch  4 never executed
branch  5 never executed
    %%%%%:  342-block  1
call    6 never executed
branch  7 never executed
branch  8 never executed
    #####:  343:    return out;
    %%%%%:  343-block  0
call    0 never executed
    %%%%%:  343-block  1
        -:  344:}
        -:  345:
function _Z20hayAmenazaTest_test2v called 0 returned 0% blocks executed 0%
    #####:  346:bool hayAmenazaTest_test2() {
    #####:  347:	vector<vector<int> > vec(8,vector<int>(8,0));
    %%%%%:  347-block  0
call    0 never executed
call    1 never executed
call    2 never executed
branch  3 never executed
branch  4 never executed
    %%%%%:  347-block  1
call    5 never executed
branch  6 never executed
branch  7 never executed
call    8 never executed
call    9 never executed
    $$$$$:  347-block  2
    $$$$$:  347-block  3
    $$$$$:  347-block  4
    $$$$$:  347-block  5
    $$$$$:  347-block  6
call   10 never executed
    #####:  348:	vec[0][2] = vec[1][5] = vec[2][3] = vec[3][0] = vec[4][7] = vec[5][1] = vec[6][6] = vec[7][4] = 1;
call    0 never executed
call    1 never executed
call    2 never executed
call    3 never executed
call    4 never executed
call    5 never executed
call    6 never executed
call    7 never executed
call    8 never executed
call    9 never executed
call   10 never executed
call   11 never executed
call   12 never executed
call   13 never executed
call   14 never executed
call   15 never executed
    #####:  349:    bool out = asegurar(hayAmenaza(vec) == 1, true);
call    0 never executed
branch  1 never executed
branch  2 never executed
    %%%%%:  349-block  0
call    3 never executed
branch  4 never executed
branch  5 never executed
    %%%%%:  349-block  1
call    6 never executed
call    7 never executed
    $$$$$:  349-block  2
call    8 never executed
    $$$$$:  349-block  3
    #####:  350:    cout << "Test2 amenaza 1: " << out << endl;
call    0 never executed
branch  1 never executed
branch  2 never executed
    %%%%%:  350-block  0
call    3 never executed
branch  4 never executed
branch  5 never executed
    %%%%%:  350-block  1
call    6 never executed
branch  7 never executed
branch  8 never executed
    #####:  351:    return out;
    %%%%%:  351-block  0
call    0 never executed
    %%%%%:  351-block  1
        -:  352:}
        -:  353:
function _Z20hayAmenazaTest_test3v called 0 returned 0% blocks executed 0%
    #####:  354:bool hayAmenazaTest_test3(){
    #####:  355:	vector<vector<int> > vec(3,vector<int>(4,0));
    %%%%%:  355-block  0
call    0 never executed
call    1 never executed
call    2 never executed
branch  3 never executed
branch  4 never executed
    %%%%%:  355-block  1
call    5 never executed
branch  6 never executed
branch  7 never executed
call    8 never executed
call    9 never executed
    $$$$$:  355-block  2
    $$$$$:  355-block  3
    $$$$$:  355-block  4
    $$$$$:  355-block  5
    $$$$$:  355-block  6
call   10 never executed
    #####:  356:	vec[0][0] = vec[1][3] = vec[2][1] = 1;
call    0 never executed
call    1 never executed
call    2 never executed
call    3 never executed
call    4 never executed
call    5 never executed
    #####:  357:    bool out = asegurar(hayAmenaza(vec) == 0, true);
call    0 never executed
branch  1 never executed
branch  2 never executed
    %%%%%:  357-block  0
call    3 never executed
branch  4 never executed
branch  5 never executed
    %%%%%:  357-block  1
call    6 never executed
call    7 never executed
    $$$$$:  357-block  2
call    8 never executed
    $$$$$:  357-block  3
    #####:  358:    cout << "Test3 amenaza 0: " << out << endl;
call    0 never executed
branch  1 never executed
branch  2 never executed
    %%%%%:  358-block  0
call    3 never executed
branch  4 never executed
branch  5 never executed
    %%%%%:  358-block  1
call    6 never executed
branch  7 never executed
branch  8 never executed
    #####:  359:    return out;
    %%%%%:  359-block  0
call    0 never executed
    %%%%%:  359-block  1
        -:  360:}
        -:  361:
function _Z20hayAmenazaTest_test4v called 0 returned 0% blocks executed 0%
    #####:  362:bool hayAmenazaTest_test4(){
    #####:  363:	vector<vector<int> > vec(3,vector<int>(4,0));
    %%%%%:  363-block  0
call    0 never executed
call    1 never executed
call    2 never executed
branch  3 never executed
branch  4 never executed
    %%%%%:  363-block  1
call    5 never executed
branch  6 never executed
branch  7 never executed
call    8 never executed
call    9 never executed
    $$$$$:  363-block  2
    $$$$$:  363-block  3
    $$$$$:  363-block  4
    $$$$$:  363-block  5
    $$$$$:  363-block  6
call   10 never executed
    #####:  364:	vec[0][0] = vec[2][3] = vec[2][1] = 1;
call    0 never executed
call    1 never executed
call    2 never executed
call    3 never executed
call    4 never executed
call    5 never executed
    #####:  365:    bool out = asegurar(hayAmenaza(vec) == 1, true);
call    0 never executed
branch  1 never executed
branch  2 never executed
    %%%%%:  365-block  0
call    3 never executed
branch  4 never executed
branch  5 never executed
    %%%%%:  365-block  1
call    6 never executed
call    7 never executed
    $$$$$:  365-block  2
call    8 never executed
    $$$$$:  365-block  3
    #####:  366:    cout << "Test4 amenaza 1: " << out << endl;
call    0 never executed
branch  1 never executed
branch  2 never executed
    %%%%%:  366-block  0
call    3 never executed
branch  4 never executed
branch  5 never executed
    %%%%%:  366-block  1
call    6 never executed
branch  7 never executed
branch  8 never executed
    #####:  367:    return out;
    %%%%%:  367-block  0
call    0 never executed
    %%%%%:  367-block  1
        -:  368:}
        -:  369:
function _Z20hayAmenazaTest_test5v called 0 returned 0% blocks executed 0%
    #####:  370:bool hayAmenazaTest_test5(){
    #####:  371:	vector<vector<int> > vec(3,vector<int>(4,0));
    %%%%%:  371-block  0
call    0 never executed
call    1 never executed
call    2 never executed
branch  3 never executed
branch  4 never executed
    %%%%%:  371-block  1
call    5 never executed
branch  6 never executed
branch  7 never executed
call    8 never executed
call    9 never executed
    $$$$$:  371-block  2
    $$$$$:  371-block  3
    $$$$$:  371-block  4
    $$$$$:  371-block  5
    $$$$$:  371-block  6
call   10 never executed
    #####:  372:	vec[0][0] = vec[1][3] = vec[2][3] = 1;
call    0 never executed
call    1 never executed
call    2 never executed
call    3 never executed
call    4 never executed
call    5 never executed
    #####:  373:    bool out = asegurar(hayAmenaza(vec) == 1, true);
call    0 never executed
branch  1 never executed
branch  2 never executed
    %%%%%:  373-block  0
call    3 never executed
branch  4 never executed
branch  5 never executed
    %%%%%:  373-block  1
call    6 never executed
call    7 never executed
    $$$$$:  373-block  2
call    8 never executed
    $$$$$:  373-block  3
    #####:  374:    cout << "Test5 amenaza 1: " << out << endl;
call    0 never executed
branch  1 never executed
branch  2 never executed
    %%%%%:  374-block  0
call    3 never executed
branch  4 never executed
branch  5 never executed
    %%%%%:  374-block  1
call    6 never executed
branch  7 never executed
branch  8 never executed
    #####:  375:    return out;
    %%%%%:  375-block  0
call    0 never executed
    %%%%%:  375-block  1
        -:  376:}
        -:  377:
        -:  378://////// Ejercicio 8 ////////////////
        -:  379:
        -:  380:
function _Z30diferenciaDiagonalesTest_test1v called 0 returned 0% blocks executed 0%
    #####:  381:bool diferenciaDiagonalesTest_test1(){
        -:  382:    vector<vector<int> > m = {
        -:  383:            {10,2,3,4},
        -:  384:            {5,10,7,8},
        -:  385:            {10,9,8,7},
        -:  386:            {4,0,0,1}
    #####:  387:    };
    %%%%%:  387-block  0
call    0 never executed
call    1 never executed
branch  2 never executed
branch  3 never executed
    %%%%%:  387-block  1
call    4 never executed
call    5 never executed
branch  6 never executed
branch  7 never executed
    %%%%%:  387-block  2
call    8 never executed
call    9 never executed
branch 10 never executed
branch 11 never executed
    %%%%%:  387-block  3
call   12 never executed
call   13 never executed
branch 14 never executed
branch 15 never executed
    %%%%%:  387-block  4
call   16 never executed
call   17 never executed
branch 18 never executed
branch 19 never executed
    %%%%%:  387-block  5
call   20 never executed
    %%%%%:  387-block  6
call   21 never executed
call   22 never executed
call   23 never executed
call   24 never executed
    $$$$$:  387-block  7
    $$$$$:  387-block  8
call   25 never executed
    $$$$$:  387-block  9
    $$$$$:  387-block 10
    $$$$$:  387-block 11
    $$$$$:  387-block 12
    $$$$$:  387-block 13
    $$$$$:  387-block 14
    $$$$$:  387-block 15
    $$$$$:  387-block 16
    $$$$$:  387-block 17
    $$$$$:  387-block 18
call   26 never executed
    #####:  388:    bool out = asegurar(diferenciaDiagonales(m) == 5, true);
call    0 never executed
branch  1 never executed
branch  2 never executed
    %%%%%:  388-block  0
call    3 never executed
branch  4 never executed
branch  5 never executed
    %%%%%:  388-block  1
call    6 never executed
call    7 never executed
    $$$$$:  388-block  2
call    8 never executed
    $$$$$:  388-block  3
    #####:  389:    cout << "Test1 diaglMasGrande: " << out << endl;
call    0 never executed
branch  1 never executed
branch  2 never executed
    %%%%%:  389-block  0
call    3 never executed
branch  4 never executed
branch  5 never executed
    %%%%%:  389-block  1
call    6 never executed
branch  7 never executed
branch  8 never executed
    #####:  390:    return out;
    %%%%%:  390-block  0
call    0 never executed
    %%%%%:  390-block  1
        -:  391:}
        -:  392:
function _Z30diferenciaDiagonalesTest_test2v called 0 returned 0% blocks executed 0%
    #####:  393:bool diferenciaDiagonalesTest_test2(){
        -:  394:    vector<vector<int> > m = {
        -:  395:            {1,2,3,4},
        -:  396:            {5,6,7,8},
        -:  397:            {10,9,8,7},
        -:  398:            {0,0,0,1}
    #####:  399:    };
    %%%%%:  399-block  0
call    0 never executed
call    1 never executed
branch  2 never executed
branch  3 never executed
    %%%%%:  399-block  1
call    4 never executed
call    5 never executed
branch  6 never executed
branch  7 never executed
    %%%%%:  399-block  2
call    8 never executed
call    9 never executed
branch 10 never executed
branch 11 never executed
    %%%%%:  399-block  3
call   12 never executed
call   13 never executed
branch 14 never executed
branch 15 never executed
    %%%%%:  399-block  4
call   16 never executed
call   17 never executed
branch 18 never executed
branch 19 never executed
    %%%%%:  399-block  5
call   20 never executed
    %%%%%:  399-block  6
call   21 never executed
call   22 never executed
call   23 never executed
call   24 never executed
    $$$$$:  399-block  7
    $$$$$:  399-block  8
call   25 never executed
    $$$$$:  399-block  9
    $$$$$:  399-block 10
    $$$$$:  399-block 11
    $$$$$:  399-block 12
    $$$$$:  399-block 13
    $$$$$:  399-block 14
    $$$$$:  399-block 15
    $$$$$:  399-block 16
    $$$$$:  399-block 17
    $$$$$:  399-block 18
call   26 never executed
    #####:  400:    bool out = asegurar(diferenciaDiagonales(m) == 4, true);
call    0 never executed
branch  1 never executed
branch  2 never executed
    %%%%%:  400-block  0
call    3 never executed
branch  4 never executed
branch  5 never executed
    %%%%%:  400-block  1
call    6 never executed
call    7 never executed
    $$$$$:  400-block  2
call    8 never executed
    $$$$$:  400-block  3
    #####:  401:    cout << "Test2 diag2MasGrande: " << out << endl;
call    0 never executed
branch  1 never executed
branch  2 never executed
    %%%%%:  401-block  0
call    3 never executed
branch  4 never executed
branch  5 never executed
    %%%%%:  401-block  1
call    6 never executed
branch  7 never executed
branch  8 never executed
    #####:  402:    return out;
    %%%%%:  402-block  0
call    0 never executed
    %%%%%:  402-block  1
        -:  403:}
        -:  404:
function _Z30diferenciaDiagonalesTest_test3v called 0 returned 0% blocks executed 0%
    #####:  405:bool diferenciaDiagonalesTest_test3(){
        -:  406:    vector<vector<int> > m = {
        -:  407:            {1,2,3,1},
        -:  408:            {5,2,2,8},
        -:  409:            {10,3,3,7},
        -:  410:            {4,0,0,4}
    #####:  411:    };
    %%%%%:  411-block  0
call    0 never executed
call    1 never executed
branch  2 never executed
branch  3 never executed
    %%%%%:  411-block  1
call    4 never executed
call    5 never executed
branch  6 never executed
branch  7 never executed
    %%%%%:  411-block  2
call    8 never executed
call    9 never executed
branch 10 never executed
branch 11 never executed
    %%%%%:  411-block  3
call   12 never executed
call   13 never executed
branch 14 never executed
branch 15 never executed
    %%%%%:  411-block  4
call   16 never executed
call   17 never executed
branch 18 never executed
branch 19 never executed
    %%%%%:  411-block  5
call   20 never executed
    %%%%%:  411-block  6
call   21 never executed
call   22 never executed
call   23 never executed
call   24 never executed
    $$$$$:  411-block  7
    $$$$$:  411-block  8
call   25 never executed
    $$$$$:  411-block  9
    $$$$$:  411-block 10
    $$$$$:  411-block 11
    $$$$$:  411-block 12
    $$$$$:  411-block 13
    $$$$$:  411-block 14
    $$$$$:  411-block 15
    $$$$$:  411-block 16
    $$$$$:  411-block 17
    $$$$$:  411-block 18
call   26 never executed
    #####:  412:    bool out = asegurar(diferenciaDiagonales(m) == 0, true);
call    0 never executed
branch  1 never executed
branch  2 never executed
    %%%%%:  412-block  0
call    3 never executed
branch  4 never executed
branch  5 never executed
    %%%%%:  412-block  1
call    6 never executed
call    7 never executed
    $$$$$:  412-block  2
call    8 never executed
    $$$$$:  412-block  3
    #####:  413:    cout << "Test3 iguales: " << out << endl;
call    0 never executed
branch  1 never executed
branch  2 never executed
    %%%%%:  413-block  0
call    3 never executed
branch  4 never executed
branch  5 never executed
    %%%%%:  413-block  1
call    6 never executed
branch  7 never executed
branch  8 never executed
    #####:  414:    return out;
    %%%%%:  414-block  0
call    0 never executed
    %%%%%:  414-block  1
        -:  415:}
        -:  416:
function _Z30diferenciaDiagonalesTest_test4v called 0 returned 0% blocks executed 0%
    #####:  417:bool diferenciaDiagonalesTest_test4(){
        -:  418:    vector<vector<int> > m = {
        -:  419:            {-1,2,3,-4},
        -:  420:            {5,-6,7,8},
        -:  421:            {1,-9,-8,7},
        -:  422:            {0,0,0,1}
    #####:  423:    };
    %%%%%:  423-block  0
call    0 never executed
call    1 never executed
branch  2 never executed
branch  3 never executed
    %%%%%:  423-block  1
call    4 never executed
call    5 never executed
branch  6 never executed
branch  7 never executed
    %%%%%:  423-block  2
call    8 never executed
call    9 never executed
branch 10 never executed
branch 11 never executed
    %%%%%:  423-block  3
call   12 never executed
call   13 never executed
branch 14 never executed
branch 15 never executed
    %%%%%:  423-block  4
call   16 never executed
call   17 never executed
branch 18 never executed
branch 19 never executed
    %%%%%:  423-block  5
call   20 never executed
    %%%%%:  423-block  6
call   21 never executed
call   22 never executed
call   23 never executed
call   24 never executed
    $$$$$:  423-block  7
    $$$$$:  423-block  8
call   25 never executed
    $$$$$:  423-block  9
    $$$$$:  423-block 10
    $$$$$:  423-block 11
    $$$$$:  423-block 12
    $$$$$:  423-block 13
    $$$$$:  423-block 14
    $$$$$:  423-block 15
    $$$$$:  423-block 16
    $$$$$:  423-block 17
    $$$$$:  423-block 18
call   26 never executed
    #####:  424:    bool out = asegurar(diferenciaDiagonales(m) == 8, true);
call    0 never executed
branch  1 never executed
branch  2 never executed
    %%%%%:  424-block  0
call    3 never executed
branch  4 never executed
branch  5 never executed
    %%%%%:  424-block  1
call    6 never executed
call    7 never executed
    $$$$$:  424-block  2
call    8 never executed
    $$$$$:  424-block  3
    #####:  425:    cout << "Test4 negativos: " << out << endl;
call    0 never executed
branch  1 never executed
branch  2 never executed
    %%%%%:  425-block  0
call    3 never executed
branch  4 never executed
branch  5 never executed
    %%%%%:  425-block  1
call    6 never executed
branch  7 never executed
branch  8 never executed
    #####:  426:    return out;
    %%%%%:  426-block  0
call    0 never executed
    %%%%%:  426-block  1
        -:  427:}
        -:  428:
function _Z30diferenciaDiagonalesTest_test5v called 0 returned 0% blocks executed 0%
    #####:  429:bool diferenciaDiagonalesTest_test5(){
        -:  430:    vector<vector<int> > m = {
        -:  431:            {-1,2},
        -:  432:            {6,-6}
    #####:  433:    };
    %%%%%:  433-block  0
call    0 never executed
call    1 never executed
branch  2 never executed
branch  3 never executed
    %%%%%:  433-block  1
call    4 never executed
call    5 never executed
branch  6 never executed
branch  7 never executed
    %%%%%:  433-block  2
call    8 never executed
call    9 never executed
branch 10 never executed
branch 11 never executed
    %%%%%:  433-block  3
call   12 never executed
    %%%%%:  433-block  4
call   13 never executed
call   14 never executed
    $$$$$:  433-block  5
    $$$$$:  433-block  6
call   15 never executed
    $$$$$:  433-block  7
    $$$$$:  433-block  8
    $$$$$:  433-block  9
    $$$$$:  433-block 10
    $$$$$:  433-block 11
    $$$$$:  433-block 12
call   16 never executed
    #####:  434:    bool out = asegurar(diferenciaDiagonales(m) == 15, true);
call    0 never executed
branch  1 never executed
branch  2 never executed
    %%%%%:  434-block  0
call    3 never executed
branch  4 never executed
branch  5 never executed
    %%%%%:  434-block  1
call    6 never executed
call    7 never executed
    $$$$$:  434-block  2
call    8 never executed
    $$$$$:  434-block  3
    #####:  435:    cout << "Test5 dos x dos: " << out << endl;
call    0 never executed
branch  1 never executed
branch  2 never executed
    %%%%%:  435-block  0
call    3 never executed
branch  4 never executed
branch  5 never executed
    %%%%%:  435-block  1
call    6 never executed
branch  7 never executed
branch  8 never executed
    #####:  436:    return out;
    %%%%%:  436-block  0
call    0 never executed
    %%%%%:  436-block  1
        -:  437:}
        -:  438:
function _Z30diferenciaDiagonalesTest_test6v called 0 returned 0% blocks executed 0%
    #####:  439:bool diferenciaDiagonalesTest_test6(){
        -:  440:    vector<vector<int> > m = {
        -:  441:            {-1}
    #####:  442:    };
    %%%%%:  442-block  0
call    0 never executed
call    1 never executed
branch  2 never executed
branch  3 never executed
    %%%%%:  442-block  1
call    4 never executed
call    5 never executed
branch  6 never executed
branch  7 never executed
    %%%%%:  442-block  2
call    8 never executed
    %%%%%:  442-block  3
call    9 never executed
    $$$$$:  442-block  4
    $$$$$:  442-block  5
call   10 never executed
    $$$$$:  442-block  6
    $$$$$:  442-block  7
    $$$$$:  442-block  8
    $$$$$:  442-block  9
call   11 never executed
    #####:  443:    bool out = asegurar(diferenciaDiagonales(m) == 0, true);
call    0 never executed
branch  1 never executed
branch  2 never executed
    %%%%%:  443-block  0
call    3 never executed
branch  4 never executed
branch  5 never executed
    %%%%%:  443-block  1
call    6 never executed
call    7 never executed
    $$$$$:  443-block  2
call    8 never executed
    $$$$$:  443-block  3
    #####:  444:    cout << "Test6 uno x uno: " << out << endl;
call    0 never executed
branch  1 never executed
branch  2 never executed
    %%%%%:  444-block  0
call    3 never executed
branch  4 never executed
branch  5 never executed
    %%%%%:  444-block  1
call    6 never executed
branch  7 never executed
branch  8 never executed
    #####:  445:    return out;
    %%%%%:  445-block  0
call    0 never executed
    %%%%%:  445-block  1
        -:  446:}
