        -:    0:Source:/home/jotavecorta/proyectos/algoritmos_1/src/labo07/Test/ejerciciosTEST.cpp
        -:    0:Graph:/home/jotavecorta/proyectos/algoritmos_1/src/labo07/cmake-build-debug-coverage/CMakeFiles/Labo07.dir/Test/ejerciciosTEST.cpp.gcno
        -:    0:Data:/home/jotavecorta/proyectos/algoritmos_1/src/labo07/cmake-build-debug-coverage/CMakeFiles/Labo07.dir/Test/ejerciciosTEST.cpp.gcda
        -:    0:Runs:1
        -:    1:#include "../ejercicios.h"
        -:    2:#include "gtest/gtest.h"
        -:    3:
        -:    4:// productoVectorial Test Suit
        2:    5:TEST(productoVectorialTest, IgualDimension){
        -:    6:    // Setup
        2:    7:    vector<int> u = {2,3,4};
        2:    8:    vector<int> v = {4,3,2};
        -:    9:    vector<vector<int> > expected = {
        -:   10:            {8,  6,  4},
        -:   11:            {12,  9,  6},
        -:   12:            {16, 12,  8}
        7:   13:    };
        -:   14:
        -:   15:    // Exercise
        2:   16:    vector<vector<int> > real = productoVectorial(u,v);
        -:   17:
        -:   18:    // Check
       1*:   19:    EXPECT_EQ(real, expected);
        1:   20:}
------------------
_ZN41productoVectorialTest_IgualDimension_Test8TestBodyEv:
function _ZN41productoVectorialTest_IgualDimension_Test8TestBodyEv called 1 returned 100% blocks executed 36%
        1:    5:TEST(productoVectorialTest, IgualDimension){
        -:    6:    // Setup
        2:    7:    vector<int> u = {2,3,4};
        1:    7-block  0
call    0 returned 1
call    1 returned 1
branch  2 taken 1 (fallthrough)
branch  3 taken 0 (throw)
call    4 returned 1
    $$$$$:    7-block  1
    $$$$$:    7-block  2
    $$$$$:    7-block  3
call    5 never executed
        2:    8:    vector<int> v = {4,3,2};
call    0 returned 1
call    1 returned 1
branch  2 taken 1 (fallthrough)
branch  3 taken 0 (throw)
call    4 returned 1
    $$$$$:    8-block  0
    $$$$$:    8-block  1
    $$$$$:    8-block  2
call    5 never executed
        -:    9:    vector<vector<int> > expected = {
        -:   10:            {8,  6,  4},
        -:   11:            {12,  9,  6},
        -:   12:            {16, 12,  8}
        7:   13:    };
call    0 returned 1
call    1 returned 1
branch  2 taken 1 (fallthrough)
branch  3 taken 0 (throw)
        1:   13-block  0
call    4 returned 1
call    5 returned 1
branch  6 taken 1 (fallthrough)
branch  7 taken 0 (throw)
        1:   13-block  1
call    8 returned 1
call    9 returned 1
branch 10 taken 1 (fallthrough)
branch 11 taken 0 (throw)
        1:   13-block  2
call   12 returned 1
call   13 returned 1
branch 14 taken 1 (fallthrough)
branch 15 taken 0 (throw)
        3:   13-block  3
call   16 returned 3
        1:   13-block  4
call   17 returned 1
call   18 returned 1
call   19 returned 1
call   20 returned 1
    $$$$$:   13-block  5
    $$$$$:   13-block  6
call   21 never executed
    $$$$$:   13-block  7
    $$$$$:   13-block  8
    $$$$$:   13-block  9
    $$$$$:   13-block 10
    $$$$$:   13-block 11
    $$$$$:   13-block 12
    $$$$$:   13-block 13
    $$$$$:   13-block 14
call   22 never executed
        -:   14:
        -:   15:    // Exercise
        2:   16:    vector<vector<int> > real = productoVectorial(u,v);
call    0 returned 1
branch  1 taken 1 (fallthrough)
branch  2 taken 0 (throw)
call    3 returned 1
    $$$$$:   16-block  0
call    4 never executed
        -:   17:
        -:   18:    // Check
       1*:   19:    EXPECT_EQ(real, expected);
        1:   19-block  0
call    0 returned 1
branch  1 taken 1 (fallthrough)
branch  2 taken 0 (throw)
        1:   19-block  1
call    3 returned 1
branch  4 taken 0 (fallthrough)
branch  5 taken 1
    %%%%%:   19-block  2
call    6 never executed
branch  7 never executed
branch  8 never executed
    %%%%%:   19-block  3
call    9 never executed
branch 10 never executed
branch 11 never executed
    %%%%%:   19-block  4
call   12 never executed
branch 13 never executed
branch 14 never executed
    %%%%%:   19-block  5
call   15 never executed
branch 16 never executed
branch 17 never executed
    %%%%%:   19-block  6
call   18 never executed
call   19 never executed
        1:   19-block  7
call   20 returned 1
    $$$$$:   19-block  8
call   21 never executed
    $$$$$:   19-block  9
    $$$$$:   19-block 10
call   22 never executed
    $$$$$:   19-block 11
    $$$$$:   19-block 12
call   23 never executed
        1:   20:}
------------------
_ZN41productoVectorialTest_IgualDimension_TestC2Ev:
function _ZN41productoVectorialTest_IgualDimension_TestC2Ev called 1 returned 100% blocks executed 100%
        1:    5:TEST(productoVectorialTest, IgualDimension){
        1:    5-block  0
call    0 returned 1
------------------
        -:   21:
        2:   22:TEST(productoVectorialTest, DistintaDimension){
        -:   23:    // Setup
        2:   24:    vector<int> u = {6,7,8,9};
        2:   25:    vector<int> v = {1,2,3};
        -:   26:    vector<vector<int> > expected = {
        -:   27:            { 6, 12, 18},
        -:   28:            {7, 14, 21},
        -:   29:            {8, 16, 24},
        -:   30:            {9, 18, 27}
        8:   31:    };
        -:   32:
        -:   33:    // Exercise
        2:   34:    vector<vector<int> > real = productoVectorial(u,v);
        -:   35:
        -:   36:    // Check
       1*:   37:    EXPECT_EQ(real, expected);
        1:   38:}
------------------
_ZN44productoVectorialTest_DistintaDimension_Test8TestBodyEv:
function _ZN44productoVectorialTest_DistintaDimension_Test8TestBodyEv called 1 returned 100% blocks executed 36%
        1:   22:TEST(productoVectorialTest, DistintaDimension){
        -:   23:    // Setup
        2:   24:    vector<int> u = {6,7,8,9};
        1:   24-block  0
call    0 returned 1
call    1 returned 1
branch  2 taken 1 (fallthrough)
branch  3 taken 0 (throw)
call    4 returned 1
    $$$$$:   24-block  1
    $$$$$:   24-block  2
    $$$$$:   24-block  3
call    5 never executed
        2:   25:    vector<int> v = {1,2,3};
call    0 returned 1
call    1 returned 1
branch  2 taken 1 (fallthrough)
branch  3 taken 0 (throw)
call    4 returned 1
    $$$$$:   25-block  0
    $$$$$:   25-block  1
    $$$$$:   25-block  2
call    5 never executed
        -:   26:    vector<vector<int> > expected = {
        -:   27:            { 6, 12, 18},
        -:   28:            {7, 14, 21},
        -:   29:            {8, 16, 24},
        -:   30:            {9, 18, 27}
        8:   31:    };
call    0 returned 1
call    1 returned 1
branch  2 taken 1 (fallthrough)
branch  3 taken 0 (throw)
        1:   31-block  0
call    4 returned 1
call    5 returned 1
branch  6 taken 1 (fallthrough)
branch  7 taken 0 (throw)
        1:   31-block  1
call    8 returned 1
call    9 returned 1
branch 10 taken 1 (fallthrough)
branch 11 taken 0 (throw)
        1:   31-block  2
call   12 returned 1
call   13 returned 1
branch 14 taken 1 (fallthrough)
branch 15 taken 0 (throw)
        1:   31-block  3
call   16 returned 1
call   17 returned 1
branch 18 taken 1 (fallthrough)
branch 19 taken 0 (throw)
        4:   31-block  4
call   20 returned 4
        1:   31-block  5
call   21 returned 1
call   22 returned 1
call   23 returned 1
call   24 returned 1
call   25 returned 1
    $$$$$:   31-block  6
    $$$$$:   31-block  7
call   26 never executed
    $$$$$:   31-block  8
    $$$$$:   31-block  9
    $$$$$:   31-block 10
    $$$$$:   31-block 11
    $$$$$:   31-block 12
    $$$$$:   31-block 13
    $$$$$:   31-block 14
    $$$$$:   31-block 15
    $$$$$:   31-block 16
    $$$$$:   31-block 17
call   27 never executed
        -:   32:
        -:   33:    // Exercise
        2:   34:    vector<vector<int> > real = productoVectorial(u,v);
call    0 returned 1
branch  1 taken 1 (fallthrough)
branch  2 taken 0 (throw)
call    3 returned 1
    $$$$$:   34-block  0
call    4 never executed
        -:   35:
        -:   36:    // Check
       1*:   37:    EXPECT_EQ(real, expected);
        1:   37-block  0
call    0 returned 1
branch  1 taken 1 (fallthrough)
branch  2 taken 0 (throw)
        1:   37-block  1
call    3 returned 1
branch  4 taken 0 (fallthrough)
branch  5 taken 1
    %%%%%:   37-block  2
call    6 never executed
branch  7 never executed
branch  8 never executed
    %%%%%:   37-block  3
call    9 never executed
branch 10 never executed
branch 11 never executed
    %%%%%:   37-block  4
call   12 never executed
branch 13 never executed
branch 14 never executed
    %%%%%:   37-block  5
call   15 never executed
branch 16 never executed
branch 17 never executed
    %%%%%:   37-block  6
call   18 never executed
call   19 never executed
        1:   37-block  7
call   20 returned 1
    $$$$$:   37-block  8
call   21 never executed
    $$$$$:   37-block  9
    $$$$$:   37-block 10
call   22 never executed
    $$$$$:   37-block 11
    $$$$$:   37-block 12
call   23 never executed
        1:   38:}
------------------
_ZN44productoVectorialTest_DistintaDimension_TestC2Ev:
function _ZN44productoVectorialTest_DistintaDimension_TestC2Ev called 1 returned 100% blocks executed 100%
        1:   22:TEST(productoVectorialTest, DistintaDimension){
        1:   22-block  0
call    0 returned 1
------------------
        -:   39:
        2:   40:TEST(productoVectorialTest, UnoPorUno){
        -:   41:    // Setup
        2:   42:    vector<int> u = {6};
        2:   43:    vector<int> v = {2};
        -:   44:    vector<vector<int> > expected = {
        -:   45:            {12}
        5:   46:    };
        -:   47:
        -:   48:    // Exercise
        2:   49:    vector<vector<int> > real = productoVectorial(u,v);
        -:   50:
        -:   51:    // Check
       1*:   52:    EXPECT_EQ(real, expected);
        1:   53:}
------------------
_ZN36productoVectorialTest_UnoPorUno_Test8TestBodyEv:
function _ZN36productoVectorialTest_UnoPorUno_Test8TestBodyEv called 1 returned 100% blocks executed 36%
        1:   40:TEST(productoVectorialTest, UnoPorUno){
        -:   41:    // Setup
        2:   42:    vector<int> u = {6};
        1:   42-block  0
call    0 returned 1
call    1 returned 1
branch  2 taken 1 (fallthrough)
branch  3 taken 0 (throw)
call    4 returned 1
    $$$$$:   42-block  1
    $$$$$:   42-block  2
    $$$$$:   42-block  3
call    5 never executed
        2:   43:    vector<int> v = {2};
call    0 returned 1
call    1 returned 1
branch  2 taken 1 (fallthrough)
branch  3 taken 0 (throw)
call    4 returned 1
    $$$$$:   43-block  0
    $$$$$:   43-block  1
    $$$$$:   43-block  2
call    5 never executed
        -:   44:    vector<vector<int> > expected = {
        -:   45:            {12}
        5:   46:    };
call    0 returned 1
call    1 returned 1
branch  2 taken 1 (fallthrough)
branch  3 taken 0 (throw)
        1:   46-block  0
call    4 returned 1
call    5 returned 1
branch  6 taken 1 (fallthrough)
branch  7 taken 0 (throw)
        1:   46-block  1
call    8 returned 1
        1:   46-block  2
call    9 returned 1
call   10 returned 1
    $$$$$:   46-block  3
    $$$$$:   46-block  4
call   11 never executed
    $$$$$:   46-block  5
    $$$$$:   46-block  6
    $$$$$:   46-block  7
    $$$$$:   46-block  8
call   12 never executed
        -:   47:
        -:   48:    // Exercise
        2:   49:    vector<vector<int> > real = productoVectorial(u,v);
call    0 returned 1
branch  1 taken 1 (fallthrough)
branch  2 taken 0 (throw)
call    3 returned 1
    $$$$$:   49-block  0
call    4 never executed
        -:   50:
        -:   51:    // Check
       1*:   52:    EXPECT_EQ(real, expected);
        1:   52-block  0
call    0 returned 1
branch  1 taken 1 (fallthrough)
branch  2 taken 0 (throw)
        1:   52-block  1
call    3 returned 1
branch  4 taken 0 (fallthrough)
branch  5 taken 1
    %%%%%:   52-block  2
call    6 never executed
branch  7 never executed
branch  8 never executed
    %%%%%:   52-block  3
call    9 never executed
branch 10 never executed
branch 11 never executed
    %%%%%:   52-block  4
call   12 never executed
branch 13 never executed
branch 14 never executed
    %%%%%:   52-block  5
call   15 never executed
branch 16 never executed
branch 17 never executed
    %%%%%:   52-block  6
call   18 never executed
call   19 never executed
        1:   52-block  7
call   20 returned 1
    $$$$$:   52-block  8
call   21 never executed
    $$$$$:   52-block  9
    $$$$$:   52-block 10
call   22 never executed
    $$$$$:   52-block 11
    $$$$$:   52-block 12
call   23 never executed
        1:   53:}
------------------
_ZN36productoVectorialTest_UnoPorUno_TestC2Ev:
function _ZN36productoVectorialTest_UnoPorUno_TestC2Ev called 1 returned 100% blocks executed 100%
        1:   40:TEST(productoVectorialTest, UnoPorUno){
        1:   40-block  0
call    0 returned 1
------------------
