        -:    0:Source:/home/jotavecorta/proyectos/algoritmos_1/src/labo07/main.cpp
        -:    0:Graph:/home/jotavecorta/proyectos/algoritmos_1/src/labo07/cmake-build-debug-coverage/CMakeFiles/Labo07.dir/main.cpp.gcno
        -:    0:Data:/home/jotavecorta/proyectos/algoritmos_1/src/labo07/cmake-build-debug-coverage/CMakeFiles/Labo07.dir/main.cpp.gcda
        -:    0:Runs:1
        -:    1:#include <iostream>
        -:    2:#include "ejercicios.h"
        -:    3:#include "cases.h"
        -:    4:#include "gtest/gtest.h"
        -:    5:
        -:    6:using namespace std;
        -:    7:
function main called 1 returned 100% blocks executed 100%
        1:    8:int main(int argc, char **argv)
        -:    9:{
        1:   10:    int exitos = 0;
        1:   11:    int total = 0;
        -:   12:
        1:   13:    std::cout << "Implementando GTest!!" << std::endl;
        1:   13-block  0
call    0 returned 1
call    1 returned 1
        1:   14:    testing::InitGoogleTest(&argc, argv);
call    0 returned 1
        1:   15:    return RUN_ALL_TESTS();
call    0 returned 1
        -:   16:       
        -:   17:    cout << endl << "=====Tests Ejercicio 1=====" << endl;
        -:   18:    exitos += productoVectorialTest_test1() ? 1 : 0;
        -:   19:    exitos += productoVectorialTest_test2() ? 1 : 0;
        -:   20:    exitos += productoVectorialTest_test3() ? 1 : 0;
        -:   21:    cout <<"Correctos:" << exitos << endl;
        -:   22:    total += exitos;
        -:   23:    
        -:   24:    exitos = 0;
        -:   25:    cout << endl << "=====Tests Ejercicio 2=====" << endl;
        -:   26:    exitos += trasponerTest_test1() ? 1 : 0;
        -:   27:    exitos += trasponerTest_test2() ? 1 : 0;
        -:   28:    exitos += trasponerTest_test3() ? 1 : 0;
        -:   29:    cout << "Correctos:" << exitos << endl;
        -:   30:    total += exitos;
        -:   31:    
        -:   32:    exitos = 0;
        -:   33:    cout << endl << "=====Tests Ejercicio 3=====" << endl;
        -:   34:    exitos += multiplicarTest_test1() ? 1 : 0;
        -:   35:    exitos += multiplicarTest_test2() ? 1 : 0;
        -:   36:    cout << "Correctos:" << exitos << endl;
        -:   37:    total += exitos;
        -:   38:
        -:   39:    exitos = 0;
        -:   40:    cout << endl << "=====Tests Ejercicio 4=====" << endl;
        -:   41:    exitos += promediarTest_test1() ? 1 : 0;
        -:   42:    exitos += promediarTest_test2() ? 1 : 0;
        -:   43:    cout << "Correctos:" << exitos << endl;
        -:   44:    total += exitos;
        -:   45:
        -:   46:    exitos = 0;
        -:   47:    cout << endl << "=====Tests Ejercicio 5=====" << endl;
        -:   48:    exitos += contarPicosTest_test1() ? 1 : 0;
        -:   49:    exitos += contarPicosTest_test2() ? 1 : 0;
        -:   50:    cout << "Correctos:" << exitos << endl;
        -:   51:    total += exitos;
        -:   52:
        -:   53:    exitos = 0;
        -:   54:    cout << endl << "=====Tests Ejercicio 6=====" << endl;
        -:   55:    exitos += esTriangularTest_test1() ? 1 : 0;
        -:   56:    exitos += esTriangularTest_test2() ? 1 : 0;
        -:   57:    exitos += esTriangularTest_test3() ? 1 : 0;
        -:   58:    exitos += esTriangularTest_test4() ? 1 : 0;
        -:   59:    exitos += esTriangularTest_test5() ? 1 : 0;
        -:   60:    cout << "Correctos:" << exitos << endl;
        -:   61:    total += exitos;
        -:   62:    
        -:   63:    exitos = 0;
        -:   64:    cout << endl << "=====Tests Ejercicio 7=====" << endl;
        -:   65:    exitos += hayAmenazaTest_test1() ? 1 : 0;
        -:   66:    exitos += hayAmenazaTest_test2() ? 1 : 0;
        -:   67:    exitos += hayAmenazaTest_test3() ? 1 : 0;
        -:   68:    exitos += hayAmenazaTest_test4() ? 1 : 0;
        -:   69:    exitos += hayAmenazaTest_test5() ? 1 : 0;
        -:   70:    cout << "Correctos:" << exitos << endl;
        -:   71:    total += exitos;
        -:   72:    
        -:   73:    exitos = 0;
        -:   74:    cout << endl << "=====Tests Ejercicio 8=====" << endl;
        -:   75:    exitos += diferenciaDiagonalesTest_test1() ? 1 : 0;
        -:   76:    exitos += diferenciaDiagonalesTest_test2() ? 1 : 0;
        -:   77:    exitos += diferenciaDiagonalesTest_test3() ? 1 : 0;
        -:   78:    exitos += diferenciaDiagonalesTest_test4() ? 1 : 0;
        -:   79:    exitos += diferenciaDiagonalesTest_test5() ? 1 : 0;
        -:   80:    exitos += diferenciaDiagonalesTest_test6() ? 1 : 0;
        -:   81:    cout << "Correctos:" << exitos << endl;
        -:   82:    total += exitos;
        -:   83:
        -:   84:    cout << "# Ejercicios incorrectos: " << 28 - total << endl;
        -:   85:    
        -:   86:}
        -:   87:
