        -:    0:Source:/home/jotavecorta/proyectos/algoritmos_1/src/labo06/ej3/baldosasDelPiso.cpp
        -:    0:Graph:/home/jotavecorta/proyectos/algoritmos_1/src/labo06/cmake-build-debug-coverage/CMakeFiles/LaboTesting.dir/ej3/baldosasDelPiso.cpp.gcno
        -:    0:Data:/home/jotavecorta/proyectos/algoritmos_1/src/labo06/cmake-build-debug-coverage/CMakeFiles/LaboTesting.dir/ej3/baldosasDelPiso.cpp.gcda
        -:    0:Runs:1
        -:    1:/* baldosasDelPiso: toma tres enteros, M y N -largo y ancho- del
        -:    2: * piso y B -lado de las baldosas- y retorna la cantidad de baldosas
        -:    3: * necesarias para cubrir el piso. Se cuentan los trozos de baldosas
        -:    4: * necesarias como una baldosa entera.*/
function _Z15baldosasDelPisoiii called 4 returned 100% blocks executed 100%
        4:    5:int baldosasDelPiso(int M, int N, int B) {
        -:    6:
        4:    7:    int baldosas_largo = M / B;
        4:    8:    int baldosas_ancho = N / B;
        -:    9:
        4:   10:    if (M % B != 0){
        4:   10-block  0
branch  0 taken 2 (fallthrough)
branch  1 taken 2
        2:   11:        baldosas_largo += 1;
        2:   11-block  0
        -:   12:    }
        4:   13:    if (N % B != 0){
        4:   13-block  0
branch  0 taken 2 (fallthrough)
branch  1 taken 2
        2:   14:        baldosas_ancho += 1;
        2:   14-block  0
        -:   15:    }
        -:   16:
        4:   17:    return baldosas_ancho * baldosas_largo;
        4:   17-block  0
        -:   18:}
