        -:    0:Source:/home/jotavecorta/proyectos/algoritmos_1/src/labo06/ej3/Test/baldosasDelPisoTEST.cpp
        -:    0:Graph:/home/jotavecorta/proyectos/algoritmos_1/src/labo06/cmake-build-debug-coverage/CMakeFiles/LaboTesting.dir/ej3/Test/baldosasDelPisoTEST.cpp.gcno
        -:    0:Data:/home/jotavecorta/proyectos/algoritmos_1/src/labo06/cmake-build-debug-coverage/CMakeFiles/LaboTesting.dir/ej3/Test/baldosasDelPisoTEST.cpp.gcda
        -:    0:Runs:1
        -:    1:#include "../baldosasDelPiso.h"
        -:    2:#include "gtest/gtest.h"
        -:    3:
        2:    4:TEST(baldosasDelPisoTest, AmbosDivisiblesPorB){
        -:    5:    // Setup
        1:    6:    int M = 12;
        1:    7:    int N = 9;
        1:    8:    int B = 3;
        -:    9:
        -:   10:    // Excercise
        1:   11:    int result = baldosasDelPiso(M, N, B);
        -:   12:
        -:   13:    // Check
       1*:   14:    EXPECT_EQ(result, 12);
        1:   15:}
------------------
_ZN44baldosasDelPisoTest_AmbosDivisiblesPorB_Test8TestBodyEv:
function _ZN44baldosasDelPisoTest_AmbosDivisiblesPorB_Test8TestBodyEv called 1 returned 100% blocks executed 28%
        1:    4:TEST(baldosasDelPisoTest, AmbosDivisiblesPorB){
        -:    5:    // Setup
        1:    6:    int M = 12;
        1:    7:    int N = 9;
        1:    8:    int B = 3;
        -:    9:
        -:   10:    // Excercise
        1:   11:    int result = baldosasDelPiso(M, N, B);
        1:   11-block  0
call    0 returned 1
branch  1 taken 1 (fallthrough)
branch  2 taken 0 (throw)
        -:   12:
        -:   13:    // Check
       1*:   14:    EXPECT_EQ(result, 12);
        1:   14-block  0
call    0 returned 1
branch  1 taken 1 (fallthrough)
branch  2 taken 0 (throw)
        1:   14-block  1
call    3 returned 1
branch  4 taken 0 (fallthrough)
branch  5 taken 1
    %%%%%:   14-block  2
call    6 never executed
branch  7 never executed
branch  8 never executed
    %%%%%:   14-block  3
call    9 never executed
branch 10 never executed
branch 11 never executed
    %%%%%:   14-block  4
call   12 never executed
branch 13 never executed
branch 14 never executed
    %%%%%:   14-block  5
call   15 never executed
branch 16 never executed
branch 17 never executed
    %%%%%:   14-block  6
call   18 never executed
call   19 never executed
        1:   14-block  7
call   20 returned 1
    $$$$$:   14-block  8
    $$$$$:   14-block  9
call   21 never executed
    $$$$$:   14-block 10
    $$$$$:   14-block 11
call   22 never executed
    $$$$$:   14-block 12
    $$$$$:   14-block 13
call   23 never executed
        1:   15:}
------------------
_ZN44baldosasDelPisoTest_AmbosDivisiblesPorB_TestC2Ev:
function _ZN44baldosasDelPisoTest_AmbosDivisiblesPorB_TestC2Ev called 1 returned 100% blocks executed 100%
        1:    4:TEST(baldosasDelPisoTest, AmbosDivisiblesPorB){
        1:    4-block  0
call    0 returned 1
------------------
        -:   16:
        2:   17:TEST(baldosasDelPisoTest, MDivisiblesPorB){
        -:   18:    // Setup
        1:   19:    int M = 12;
        1:   20:    int N = 5;
        1:   21:    int B = 3;
        -:   22:
        -:   23:    // Excercise
        1:   24:    int result = baldosasDelPiso(M, N, B);
        -:   25:
        -:   26:    // Check
       1*:   27:    EXPECT_EQ(result, 8);
        1:   28:}
------------------
_ZN40baldosasDelPisoTest_MDivisiblesPorB_Test8TestBodyEv:
function _ZN40baldosasDelPisoTest_MDivisiblesPorB_Test8TestBodyEv called 1 returned 100% blocks executed 28%
        1:   17:TEST(baldosasDelPisoTest, MDivisiblesPorB){
        -:   18:    // Setup
        1:   19:    int M = 12;
        1:   20:    int N = 5;
        1:   21:    int B = 3;
        -:   22:
        -:   23:    // Excercise
        1:   24:    int result = baldosasDelPiso(M, N, B);
        1:   24-block  0
call    0 returned 1
branch  1 taken 1 (fallthrough)
branch  2 taken 0 (throw)
        -:   25:
        -:   26:    // Check
       1*:   27:    EXPECT_EQ(result, 8);
        1:   27-block  0
call    0 returned 1
branch  1 taken 1 (fallthrough)
branch  2 taken 0 (throw)
        1:   27-block  1
call    3 returned 1
branch  4 taken 0 (fallthrough)
branch  5 taken 1
    %%%%%:   27-block  2
call    6 never executed
branch  7 never executed
branch  8 never executed
    %%%%%:   27-block  3
call    9 never executed
branch 10 never executed
branch 11 never executed
    %%%%%:   27-block  4
call   12 never executed
branch 13 never executed
branch 14 never executed
    %%%%%:   27-block  5
call   15 never executed
branch 16 never executed
branch 17 never executed
    %%%%%:   27-block  6
call   18 never executed
call   19 never executed
        1:   27-block  7
call   20 returned 1
    $$$$$:   27-block  8
    $$$$$:   27-block  9
call   21 never executed
    $$$$$:   27-block 10
    $$$$$:   27-block 11
call   22 never executed
    $$$$$:   27-block 12
    $$$$$:   27-block 13
call   23 never executed
        1:   28:}
------------------
_ZN40baldosasDelPisoTest_MDivisiblesPorB_TestC2Ev:
function _ZN40baldosasDelPisoTest_MDivisiblesPorB_TestC2Ev called 1 returned 100% blocks executed 100%
        1:   17:TEST(baldosasDelPisoTest, MDivisiblesPorB){
        1:   17-block  0
call    0 returned 1
------------------
        -:   29:
        2:   30:TEST(baldosasDelPisoTest, NDivisiblesPorB){
        -:   31:    // Setup
        1:   32:    int M = 7;
        1:   33:    int N = 6;
        1:   34:    int B = 3;
        -:   35:
        -:   36:    // Excercise
        1:   37:    int result = baldosasDelPiso(M, N, B);
        -:   38:
        -:   39:    // Check
       1*:   40:    EXPECT_EQ(result, 6);
        1:   41:}
------------------
_ZN40baldosasDelPisoTest_NDivisiblesPorB_Test8TestBodyEv:
function _ZN40baldosasDelPisoTest_NDivisiblesPorB_Test8TestBodyEv called 1 returned 100% blocks executed 28%
        1:   30:TEST(baldosasDelPisoTest, NDivisiblesPorB){
        -:   31:    // Setup
        1:   32:    int M = 7;
        1:   33:    int N = 6;
        1:   34:    int B = 3;
        -:   35:
        -:   36:    // Excercise
        1:   37:    int result = baldosasDelPiso(M, N, B);
        1:   37-block  0
call    0 returned 1
branch  1 taken 1 (fallthrough)
branch  2 taken 0 (throw)
        -:   38:
        -:   39:    // Check
       1*:   40:    EXPECT_EQ(result, 6);
        1:   40-block  0
call    0 returned 1
branch  1 taken 1 (fallthrough)
branch  2 taken 0 (throw)
        1:   40-block  1
call    3 returned 1
branch  4 taken 0 (fallthrough)
branch  5 taken 1
    %%%%%:   40-block  2
call    6 never executed
branch  7 never executed
branch  8 never executed
    %%%%%:   40-block  3
call    9 never executed
branch 10 never executed
branch 11 never executed
    %%%%%:   40-block  4
call   12 never executed
branch 13 never executed
branch 14 never executed
    %%%%%:   40-block  5
call   15 never executed
branch 16 never executed
branch 17 never executed
    %%%%%:   40-block  6
call   18 never executed
call   19 never executed
        1:   40-block  7
call   20 returned 1
    $$$$$:   40-block  8
    $$$$$:   40-block  9
call   21 never executed
    $$$$$:   40-block 10
    $$$$$:   40-block 11
call   22 never executed
    $$$$$:   40-block 12
    $$$$$:   40-block 13
call   23 never executed
        1:   41:}
------------------
_ZN40baldosasDelPisoTest_NDivisiblesPorB_TestC2Ev:
function _ZN40baldosasDelPisoTest_NDivisiblesPorB_TestC2Ev called 1 returned 100% blocks executed 100%
        1:   30:TEST(baldosasDelPisoTest, NDivisiblesPorB){
        1:   30-block  0
call    0 returned 1
------------------
        -:   42:
        2:   43:TEST(baldosasDelPisoTest, NingunoDivisiblesPorB){
        -:   44:    // Setup
        1:   45:    int M = 7;
        1:   46:    int N = 11;
        1:   47:    int B = 3;
        -:   48:
        -:   49:    // Excercise
        1:   50:    int result = baldosasDelPiso(M, N, B);
        -:   51:
        -:   52:    // Check
       1*:   53:    EXPECT_EQ(result, 12);
        1:   54:}
------------------
_ZN46baldosasDelPisoTest_NingunoDivisiblesPorB_Test8TestBodyEv:
function _ZN46baldosasDelPisoTest_NingunoDivisiblesPorB_Test8TestBodyEv called 1 returned 100% blocks executed 28%
        1:   43:TEST(baldosasDelPisoTest, NingunoDivisiblesPorB){
        -:   44:    // Setup
        1:   45:    int M = 7;
        1:   46:    int N = 11;
        1:   47:    int B = 3;
        -:   48:
        -:   49:    // Excercise
        1:   50:    int result = baldosasDelPiso(M, N, B);
        1:   50-block  0
call    0 returned 1
branch  1 taken 1 (fallthrough)
branch  2 taken 0 (throw)
        -:   51:
        -:   52:    // Check
       1*:   53:    EXPECT_EQ(result, 12);
        1:   53-block  0
call    0 returned 1
branch  1 taken 1 (fallthrough)
branch  2 taken 0 (throw)
        1:   53-block  1
call    3 returned 1
branch  4 taken 0 (fallthrough)
branch  5 taken 1
    %%%%%:   53-block  2
call    6 never executed
branch  7 never executed
branch  8 never executed
    %%%%%:   53-block  3
call    9 never executed
branch 10 never executed
branch 11 never executed
    %%%%%:   53-block  4
call   12 never executed
branch 13 never executed
branch 14 never executed
    %%%%%:   53-block  5
call   15 never executed
branch 16 never executed
branch 17 never executed
    %%%%%:   53-block  6
call   18 never executed
call   19 never executed
        1:   53-block  7
call   20 returned 1
    $$$$$:   53-block  8
    $$$$$:   53-block  9
call   21 never executed
    $$$$$:   53-block 10
    $$$$$:   53-block 11
call   22 never executed
    $$$$$:   53-block 12
    $$$$$:   53-block 13
call   23 never executed
        1:   54:}
------------------
_ZN46baldosasDelPisoTest_NingunoDivisiblesPorB_TestC2Ev:
function _ZN46baldosasDelPisoTest_NingunoDivisiblesPorB_TestC2Ev called 1 returned 100% blocks executed 100%
        1:   43:TEST(baldosasDelPisoTest, NingunoDivisiblesPorB){
        1:   43-block  0
call    0 returned 1
------------------
