        -:    0:Source:/home/jotavecorta/proyectos/algoritmos_1/src/labo06/ej3/electores.cpp
        -:    0:Graph:/home/jotavecorta/proyectos/algoritmos_1/src/labo06/cmake-build-debug-coverage/CMakeFiles/LaboTesting.dir/ej3/electores.cpp.gcno
        -:    0:Data:/home/jotavecorta/proyectos/algoritmos_1/src/labo06/cmake-build-debug-coverage/CMakeFiles/LaboTesting.dir/ej3/electores.cpp.gcda
        -:    0:Runs:1
        -:    1:#include "electores.h"
        -:    2:
function _Z14validarVotanteiii called 5 returned 100% blocks executed 100%
        5:    3:int validarVotante(int a, int m, int d) {
        -:    4:    // Inicializo la edad del votante al día de la eleccion
        5:    5:    int edadVotante = edadVotanteAlDiaVotacion(a, m, d);
        5:    5-block  0
call    0 returned 5
        -:    6:
        -:    7:    // Asigno etiquetas según el caso
        5:    8:    if (edadVotante < 16){
branch  0 taken 2 (fallthrough)
branch  1 taken 3
        2:    9:        return NO_VOTA;
        2:    9-block  0
        3:   10:    }else if (edadVotante < 18){
        3:   10-block  0
branch  0 taken 1 (fallthrough)
branch  1 taken 2
        1:   11:        return OPCIONAL_MENOR;
        1:   11-block  0
        2:   12:    }else if (edadVotante < 70){
        2:   12-block  0
branch  0 taken 1 (fallthrough)
branch  1 taken 1
        1:   13:        return OBLIGATORIO;
        1:   13-block  0
        -:   14:    }else{
        1:   15:        return OPCIONAL_MAYOR;
        1:   15-block  0
        -:   16:    }
        -:   17:}
        -:   18:
function _Z24edadVotanteAlDiaVotacioniii called 5 returned 100% blocks executed 92%
        5:   19:int edadVotanteAlDiaVotacion(int a, int m, int d){
        -:   20:    // Defino la fecha de eleccion
        5:   21:    int anio_eleccion = 2022;
        5:   22:    int mes_eleccion = 10;
        5:   23:    int dia_eleccion = 22;
        -:   24:
        -:   25:    // Valido la fecha ingresada
        5:   26:    if (validarFecha(a, m, d)){
        5:   26-block  0
call    0 returned 5
branch  1 taken 4 (fallthrough)
branch  2 taken 1
        -:   27:        // Calculo la edad del votante
        4:   28:        int edad = anio_eleccion - a;
       4*:   29:        bool guarda = m > mes_eleccion || (m == mes_eleccion && d > dia_eleccion);
        4:   29-block  0
branch  0 taken 3 (fallthrough)
branch  1 taken 1
        3:   29-block  1
branch  2 taken 0 (fallthrough)
branch  3 taken 3
    %%%%%:   29-block  2
branch  4 never executed
branch  5 never executed
        1:   29-block  3
        3:   29-block  4
        -:   30:
        4:   31:        if (guarda){
        4:   31-block  0
branch  0 taken 1 (fallthrough)
branch  1 taken 3
        1:   32:            edad -= 1;
        1:   32-block  0
        -:   33:        }
        -:   34:
        4:   35:        return edad;
        4:   35-block  0
        -:   36:
        -:   37:    }else{
        1:   38:        return -1;
        1:   38-block  0
        -:   39:    }
        -:   40:}
        -:   41:
function _Z12validarFechaiii called 5 returned 100% blocks executed 90%
        5:   42:bool validarFecha(int a, int m, int d){
        5:   43:    bool validez_anio = a >= 1900 && a < 2022;
        5:   43-block  0
branch  0 taken 4 (fallthrough)
branch  1 taken 1
        4:   43-block  1
branch  2 taken 4 (fallthrough)
branch  3 taken 0
        4:   43-block  2
        1:   43-block  3
       5*:   44:    bool validez_mes = m > 0 && m <= 12;
        5:   44-block  0
branch  0 taken 5 (fallthrough)
branch  1 taken 0
        5:   44-block  1
branch  2 taken 5 (fallthrough)
branch  3 taken 0
        5:   44-block  2
    %%%%%:   44-block  3
       5*:   45:    bool validez_dia = d > 0 && d <= 31;
        5:   45-block  0
branch  0 taken 5 (fallthrough)
branch  1 taken 0
        5:   45-block  1
branch  2 taken 5 (fallthrough)
branch  3 taken 0
        5:   45-block  2
    %%%%%:   45-block  3
        5:   46:    bool validez_fecha = validez_anio && validez_mes && validez_dia;
        5:   46-block  0
branch  0 taken 4 (fallthrough)
branch  1 taken 1
        4:   46-block  1
branch  2 taken 4 (fallthrough)
branch  3 taken 0
        4:   46-block  2
branch  4 taken 4 (fallthrough)
branch  5 taken 0
        4:   46-block  3
        1:   46-block  4
        -:   47:
        5:   48:    if (validez_fecha){
        5:   48-block  0
branch  0 taken 4 (fallthrough)
branch  1 taken 1
        4:   49:        return true;
        4:   49-block  0
        -:   50:    }else{
        1:   51:        return false;
        1:   51-block  0
        -:   52:    }
        -:   53:}
        -:   54:
        -:   55:
