        -:    0:Source:/home/jotavecorta/proyectos/algoritmos_1/src/labo06/main.cpp
        -:    0:Graph:/home/jotavecorta/proyectos/algoritmos_1/src/labo06/cmake-build-debug-coverage/CMakeFiles/LaboTesting.dir/main.cpp.gcno
        -:    0:Data:/home/jotavecorta/proyectos/algoritmos_1/src/labo06/cmake-build-debug-coverage/CMakeFiles/LaboTesting.dir/main.cpp.gcda
        -:    0:Runs:1
        -:    1:#include <iostream>
        -:    2:#include "gtest/gtest.h"
        -:    3:
function main called 1 returned 100% blocks executed 100%
        1:    4:int main(int argc, char **argv) {
        1:    5:    std::cout << "Implementando GTest!!" << std::endl;
        1:    5-block  0
call    0 returned 1
call    1 returned 1
        1:    6:    testing::InitGoogleTest(&argc, argv);
call    0 returned 1
        1:    7:    return RUN_ALL_TESTS();
call    0 returned 1
        -:    8:}
