        -:    0:Source:/home/jotavecorta/proyectos/algoritmos_1/src/labo06/ej1/puntaje.cpp
        -:    0:Graph:/home/jotavecorta/proyectos/algoritmos_1/src/labo06/cmake-build-debug-coverage/CMakeFiles/LaboTesting.dir/ej1/puntaje.cpp.gcno
        -:    0:Data:/home/jotavecorta/proyectos/algoritmos_1/src/labo06/cmake-build-debug-coverage/CMakeFiles/LaboTesting.dir/ej1/puntaje.cpp.gcda
        -:    0:Runs:1
function _Z7puntajei called 4 returned 100% blocks executed 100%
        4:    1:int puntaje(int b) {
        -:    2:	int res;
        4:    3:	if (b < 10) {
        4:    3-block  0
branch  0 taken 2 (fallthrough)
branch  1 taken 2
        2:    4:		res = 2 * b;
        2:    4-block  0
        -:    5:	} else {
        2:    6:		res = b;
        2:    6-block  0
        -:    7:	}
        4:    8:	if (b % 3 == 0) {
        4:    8-block  0
branch  0 taken 2 (fallthrough)
branch  1 taken 2
        2:    9:		res = res + 10;
        2:    9-block  0
        -:   10:	} else {
        2:   11:		res = res - 10;
        2:   11-block  0
        -:   12:	}
        4:   13:	return res;
        4:   13-block  0
        -:   14:}
