        -:    0:Source:/home/jotavecorta/proyectos/algoritmos_1/src/tpi/tests/ganoTEST.cpp
        -:    0:Graph:/home/jotavecorta/proyectos/algoritmos_1/src/tpi/cmake-build-debug/CMakeFiles/tpi.dir/tests/ganoTEST.gcno
        -:    0:Data:/home/jotavecorta/proyectos/algoritmos_1/src/tpi/cmake-build-debug/CMakeFiles/tpi.dir/tests/ganoTEST.gcda
        -:    0:Runs:1
        -:    1:// Tests para la función gano.
        -:    2:// Ver el archovo README.md para ayuda
        -:    3:
        -:    4:#include "../ejercicios.h"
        -:    5:#include "../auxiliares.h"
        -:    6:#include "gtest/gtest.h"
        -:    7:
        -:    8:using namespace std;
        -:    9:
        -:   10:// ┌───┬───┬───┬───┬───┐
        -:   11:// │ * │ * │ 2 │ 1 │ 1 │
        -:   12:// ├───┼───┼───┼───┼───┤
        -:   13:// │ 3 │ 3 │ 3 │ * │ 1 │
        -:   14:// ├───┼───┼───┼───┼───┤
        -:   15:// │ 1 │ * │ 2 │ 1 │ 1 │
        -:   16:// ├───┼───┼───┼───┼───┤
        -:   17:// │ 2 │ 3 │ 2 │ 1 │ 0 │
        -:   18:// ├───┼───┼───┼───┼───┤
        -:   19:// │ * │ 2 │ * │ 1 │ 0 │
        -:   20:// └───┴───┴───┴───┴───┘
        -:   21:
        -:   22:tablero t = {
        -:   23:    { cMINA,  cMINA,  cVACIA, cVACIA, cVACIA },
        -:   24:    { cVACIA, cVACIA, cVACIA, cMINA,  cVACIA },
        -:   25:    { cVACIA, cMINA,  cVACIA, cVACIA, cVACIA },
        -:   26:    { cVACIA, cVACIA, cVACIA, cVACIA, cVACIA },
        -:   27:    { cMINA,  cVACIA, cMINA,  cVACIA, cVACIA },
        -:   28:};
        -:   29:jugadas jugadasValidas = {
        -:   30:    jugada(pos(0, 2), 2),jugada(pos(0, 4), 1),
        -:   31:    jugada(pos(1, 0), 3),jugada(pos(1, 1), 3),jugada(pos(1, 2), 3),jugada(pos(1, 4), 1),
        -:   32:    jugada(pos(2, 0), 1),jugada(pos(2, 2), 2),jugada(pos(2, 3), 1),jugada(pos(2, 4), 1),
        -:   33:    jugada(pos(3, 0), 2),jugada(pos(3, 1), 3),jugada(pos(3, 2), 2),jugada(pos(3, 3), 1),jugada(pos(3, 4), 0),
        -:   34:    jugada(pos(4, 1), 2),jugada(pos(4, 3), 1),jugada(pos(4, 4), 0),
        -:   35:};
        -:   36:
        2:   37:TEST(ganoTEST, todaviaNoGano){
        1:   38:    jugadas j = jugadasValidas;
        1:   39:    ASSERT_FALSE(gano(t, j));
        -:   40:}
