        -:    0:Source:/home/jotavecorta/proyectos/algoritmos_1/src/tpi/main.cpp
        -:    0:Graph:/home/jotavecorta/proyectos/algoritmos_1/src/tpi/cmake-build-debug/CMakeFiles/tpi.dir/main.gcno
        -:    0:Data:/home/jotavecorta/proyectos/algoritmos_1/src/tpi/cmake-build-debug/CMakeFiles/tpi.dir/main.gcda
        -:    0:Runs:1
        -:    1://
        -:    2:// Función de inicio que corre todos los tests. 
        -:    3:// NO MODIFICAR
        -:    4://
        -:    5:
        -:    6:#include <iostream>
        -:    7:#include "gtest/gtest.h"
        -:    8:#include "ejercicios.h"
        -:    9:#include "auxiliares.h"
        -:   10:
function main called 1 returned 100% blocks executed 100%
        1:   11:int main(int argc, char **argv) {
        1:   12:    std::cout << "Implementando TPI!!" << std::endl;
        1:   12-block  0
call    0 returned 1
call    1 returned 1
        1:   13:    testing::InitGoogleTest(&argc, argv);
call    0 returned 1
        -:   14:
        1:   15:    return RUN_ALL_TESTS();;
call    0 returned 1
        -:   16:}
